{"logTime": "0918/074142", "correlationVector":"/6p9bRZTLxY/3yiD/5ymY7.26","action":"GetUpdates", "result":"DeleteReceived", "context":{"id":"ce83831a-73a9-403a-8afc-63079716a8ce", "isDeleted:":"true", "version":"1720539817493"}}
{"logTime": "0918/074142", "correlationVector":"/6p9bRZTLxY/3yiD/5ymY7.27","action":"GetUpdates", "result":"DeleteReceived", "context":{"id":"1b57269c-95fd-4cd4-91f1-5e2ef9860886", "isDeleted:":"true", "version":"1720541212752"}}
{"logTime": "0918/074142", "correlationVector":"/6p9bRZTLxY/3yiD/5ymY7.28","action":"GetUpdates", "result":"DeleteReceived", "context":{"id":"d752c65a-3d86-42a0-a5df-10d63eff3676", "isDeleted:":"true", "version":"1720799142638"}}
{"logTime": "0918/074142", "correlationVector":"/6p9bRZTLxY/3yiD/5ymY7.29","action":"GetUpdates", "result":"DeleteReceived", "context":{"id":"277dee3c-a20b-421a-88a1-656481b58439", "isDeleted:":"true", "version":"1720850008670"}}
{"logTime": "0918/074142", "correlationVector":"/6p9bRZTLxY/3yiD/5ymY7.30","action":"GetUpdates", "result":"DeleteReceived", "context":{"id":"ed718527-2635-48ac-ace0-81a5cb1d6e86", "isDeleted:":"true", "version":"1720879068322"}}
{"logTime": "0918/074142", "correlationVector":"/6p9bRZTLxY/3yiD/5ymY7.31","action":"GetUpdates", "result":"DeleteReceived", "context":{"id":"bbc64ce7-4e22-464a-a440-910417a17f52", "isDeleted:":"true", "version":"1720879068323"}}
{"logTime": "0918/074142", "correlationVector":"/6p9bRZTLxY/3yiD/5ymY7.32","action":"GetUpdates", "result":"DeleteReceived", "context":{"id":"f6381697-b117-490e-974e-2837fae09cc4", "isDeleted:":"true", "version":"1720883700590"}}
{"logTime": "0918/074142", "correlationVector":"/6p9bRZTLxY/3yiD/5ymY7.33","action":"GetUpdates", "result":"DeleteReceived", "context":{"id":"5713a711-48fd-4ca5-8822-9ace1c888a9d", "isDeleted:":"true", "version":"1720884535391"}}
{"logTime": "0918/074142", "correlationVector":"/6p9bRZTLxY/3yiD/5ymY7.34","action":"GetUpdates", "result":"DeleteReceived", "context":{"id":"428c660f-202f-4881-8326-bbd57cd275d2", "isDeleted:":"true", "version":"1720950509763"}}
{"logTime": "0918/074142", "correlationVector":"/6p9bRZTLxY/3yiD/5ymY7.35","action":"GetUpdates", "result":"DeleteReceived", "context":{"id":"be4da20c-2544-4bc9-bae4-453e0e59fd9c", "isDeleted:":"true", "version":"1720950509764"}}
{"logTime": "0918/074142", "correlationVector":"/6p9bRZTLxY/3yiD/5ymY7.36","action":"GetUpdates", "result":"DeleteReceived", "context":{"id":"704529e9-3667-49b7-b245-986c9baaf7f8", "isDeleted:":"true", "version":"1721060931519"}}
{"logTime": "0918/074142", "correlationVector":"/6p9bRZTLxY/3yiD/5ymY7.37","action":"GetUpdates", "result":"DeleteReceived", "context":{"id":"a2fbf654-d111-4ba8-879b-8d711fc78e91", "isDeleted:":"true", "version":"1721060931521"}}
{"logTime": "0918/074142", "correlationVector":"/6p9bRZTLxY/3yiD/5ymY7.38","action":"GetUpdates", "result":"DeleteReceived", "context":{"id":"a6a9f05c-5e1e-4115-81d1-332d4b471db4", "isDeleted:":"true", "version":"1722258216244"}}
{"logTime": "0918/074142", "correlationVector":"/6p9bRZTLxY/3yiD/5ymY7.39","action":"GetUpdates", "result":"DeleteReceived", "context":{"id":"7fd452c3-c3bb-4a3f-bf07-fbdcdb57f281", "isDeleted:":"true", "version":"1722258216245"}}
{"logTime": "0918/074142", "correlationVector":"/6p9bRZTLxY/3yiD/5ymY7.40","action":"GetUpdates", "result":"DeleteReceived", "context":{"id":"7d7b8a9d-2a0d-43c2-8262-67a35908353e", "isDeleted:":"true", "version":"1722258216246"}}
{"logTime": "0918/074142", "correlationVector":"/6p9bRZTLxY/3yiD/5ymY7.41","action":"GetUpdates", "result":"DeleteReceived", "context":{"id":"94a60dd2-20cf-4b58-b57e-eb93fbe85875", "isDeleted:":"true", "version":"1722258216247"}}
{"logTime": "0918/074142", "correlationVector":"/6p9bRZTLxY/3yiD/5ymY7.42","action":"GetUpdates", "result":"DeleteReceived", "context":{"id":"2e7c0882-a790-452f-9632-82ec16731282", "isDeleted:":"true", "version":"1722258216248"}}
{"logTime": "0918/074142", "correlationVector":"/6p9bRZTLxY/3yiD/5ymY7.43","action":"GetUpdates", "result":"DeleteReceived", "context":{"id":"32084a55-8110-4d21-896e-f47988805c10", "isDeleted:":"true", "version":"1722258216249"}}
{"logTime": "0918/074142", "correlationVector":"/6p9bRZTLxY/3yiD/5ymY7.44","action":"GetUpdates", "result":"DeleteReceived", "context":{"id":"5f5f4d1e-2f85-4b50-9be4-fd1a7b73fe48", "isDeleted:":"true", "version":"1722258216250"}}
{"logTime": "0918/074142", "correlationVector":"/6p9bRZTLxY/3yiD/5ymY7.45","action":"GetUpdates", "result":"DeleteReceived", "context":{"id":"502ca9a5-0767-4152-93d1-52825f16c91c", "isDeleted:":"true", "version":"1722258216251"}}
{"logTime": "0918/074142", "correlationVector":"/6p9bRZTLxY/3yiD/5ymY7.46","action":"GetUpdates", "result":"DeleteReceived", "context":{"id":"53794c2e-0df7-4bb9-a46d-d7863a848e34", "isDeleted:":"true", "version":"1722258216252"}}
{"logTime": "0918/074142", "correlationVector":"/6p9bRZTLxY/3yiD/5ymY7.47","action":"GetUpdates", "result":"DeleteReceived", "context":{"id":"2543353f-0ea6-4c39-90b7-4b7aa113b5f5", "isDeleted:":"true", "version":"1722258216253"}}
{"logTime": "0918/074142", "correlationVector":"/6p9bRZTLxY/3yiD/5ymY7.48","action":"GetUpdates", "result":"DeleteReceived", "context":{"id":"93c5ac8e-6020-4ab6-a927-a53b861095c2", "isDeleted:":"true", "version":"1722258216254"}}
{"logTime": "0918/074142", "correlationVector":"/6p9bRZTLxY/3yiD/5ymY7.49","action":"GetUpdates", "result":"DeleteReceived", "context":{"id":"2ab41bdb-2952-403d-8180-3d0bd151796a", "isDeleted:":"true", "version":"1722258216255"}}
{"logTime": "0918/074142", "correlationVector":"/6p9bRZTLxY/3yiD/5ymY7.50","action":"GetUpdates", "result":"DeleteReceived", "context":{"id":"15d7059d-81d8-4e35-b978-b4a34eade159", "isDeleted:":"true", "version":"1722258216256"}}
{"logTime": "0918/074142", "correlationVector":"/6p9bRZTLxY/3yiD/5ymY7.51","action":"GetUpdates", "result":"DeleteReceived", "context":{"id":"32684d96-1463-4b96-b295-1da429047597", "isDeleted:":"true", "version":"1722258216257"}}
{"logTime": "0918/074142", "correlationVector":"/6p9bRZTLxY/3yiD/5ymY7.52","action":"GetUpdates", "result":"DeleteReceived", "context":{"id":"6aa237d2-16c3-4d02-8181-b5965bcd1c6b", "isDeleted:":"true", "version":"1722258216258"}}
{"logTime": "0918/074142", "correlationVector":"/6p9bRZTLxY/3yiD/5ymY7.53","action":"GetUpdates", "result":"DeleteReceived", "context":{"id":"39c82a78-eb30-4e27-bf73-291c4f86febc", "isDeleted:":"true", "version":"1722258216259"}}
{"logTime": "0918/074142", "correlationVector":"/6p9bRZTLxY/3yiD/5ymY7.54","action":"GetUpdates", "result":"DeleteReceived", "context":{"id":"342bc719-6071-4a04-ac2c-217460cda960", "isDeleted:":"true", "version":"1722258216260"}}
{"logTime": "0918/074142", "correlationVector":"/6p9bRZTLxY/3yiD/5ymY7.55","action":"GetUpdates", "result":"DeleteReceived", "context":{"id":"5d90fa22-7054-4b72-8b46-67b428fbb888", "isDeleted:":"true", "version":"1722258216261"}}
{"logTime": "0918/074142", "correlationVector":"/6p9bRZTLxY/3yiD/5ymY7.56","action":"GetUpdates", "result":"DeleteReceived", "context":{"id":"764d107f-95c5-4351-b316-5593ae98ed62", "isDeleted:":"true", "version":"1722258216262"}}
{"logTime": "0918/074142", "correlationVector":"/6p9bRZTLxY/3yiD/5ymY7.57","action":"GetUpdates", "result":"DeleteReceived", "context":{"id":"257484b8-37a8-40c6-a881-5203fe761421", "isDeleted:":"true", "version":"1722258216263"}}
{"logTime": "0918/074142", "correlationVector":"/6p9bRZTLxY/3yiD/5ymY7.58","action":"GetUpdates", "result":"DeleteReceived", "context":{"id":"2600efb2-e991-4c75-b84c-7a408371d319", "isDeleted:":"true", "version":"1722258216264"}}
{"logTime": "0918/074142", "correlationVector":"/6p9bRZTLxY/3yiD/5ymY7.59","action":"GetUpdates", "result":"DeleteReceived", "context":{"id":"f0e7df9c-0cea-4d82-8926-eb9c96932e48", "isDeleted:":"true", "version":"1723382948400"}}
{"logTime": "0918/074142", "correlationVector":"/6p9bRZTLxY/3yiD/5ymY7.60","action":"GetUpdates", "result":"DeleteReceived", "context":{"id":"c3a334e3-9814-42ae-8595-92c37d549a00", "isDeleted:":"true", "version":"1723386589747"}}
{"logTime": "0918/074142", "correlationVector":"/6p9bRZTLxY/3yiD/5ymY7.61","action":"GetUpdates", "result":"DeleteReceived", "context":{"id":"1355f732-6357-4a17-a84b-030f1d6ad46d", "isDeleted:":"true", "version":"1723386589748"}}
{"logTime": "0918/074142", "correlationVector":"/6p9bRZTLxY/3yiD/5ymY7.62","action":"GetUpdates", "result":"DeleteReceived", "context":{"id":"a43ba5dd-f482-46d7-94d7-74d70779fade", "isDeleted:":"true", "version":"1723472781137"}}
{"logTime": "0918/074142", "correlationVector":"/6p9bRZTLxY/3yiD/5ymY7.63","action":"GetUpdates", "result":"DeleteReceived", "context":{"id":"7a5846b6-13d8-42b2-bfdf-81f8fa4393ef", "isDeleted:":"true", "version":"1723475916452"}}
{"logTime": "0918/074142", "correlationVector":"/6p9bRZTLxY/3yiD/5ymY7.64","action":"GetUpdates", "result":"DeleteReceived", "context":{"id":"e95f1fec-3a59-44e1-a98d-2f7e23819f9b", "isDeleted:":"true", "version":"1723735052430"}}
{"logTime": "0918/074142", "correlationVector":"/6p9bRZTLxY/3yiD/5ymY7.65","action":"GetUpdates", "result":"DeleteReceived", "context":{"id":"eadb1e4c-a016-4862-b656-5b9b48364cc5", "isDeleted:":"true", "version":"1724166072098"}}
{"logTime": "0918/074142", "correlationVector":"/6p9bRZTLxY/3yiD/5ymY7.66","action":"GetUpdates", "result":"DeleteReceived", "context":{"id":"61b4ae22-863e-4f9e-95ac-8ed03274fe37", "isDeleted:":"true", "version":"1724167504745"}}
{"logTime": "0918/074142", "correlationVector":"/6p9bRZTLxY/3yiD/5ymY7.67","action":"GetUpdates", "result":"DeleteReceived", "context":{"id":"f80ddecb-b46e-485f-a84c-af3b532aaaf1", "isDeleted:":"true", "version":"1724167883537"}}
{"logTime": "0918/074142", "correlationVector":"/6p9bRZTLxY/3yiD/5ymY7.68","action":"GetUpdates", "result":"DeleteReceived", "context":{"id":"7389c58f-6d3c-4f7d-a6ca-1966b9403bde", "isDeleted:":"true", "version":"1724169330921"}}
{"logTime": "0918/074142", "correlationVector":"/6p9bRZTLxY/3yiD/5ymY7.69","action":"GetUpdates", "result":"DeleteReceived", "context":{"id":"7a5a50d0-d405-478f-a82f-37ed3cf03278", "isDeleted:":"true", "version":"1724496311312"}}
{"logTime": "0918/074142", "correlationVector":"/6p9bRZTLxY/3yiD/5ymY7.70","action":"GetUpdates", "result":"DeleteReceived", "context":{"id":"c2d1e087-289e-4faa-bcbc-fffab0a74554", "isDeleted:":"true", "version":"1724503280244"}}
{"logTime": "0918/074142", "correlationVector":"/6p9bRZTLxY/3yiD/5ymY7.71","action":"GetUpdates", "result":"DeleteReceived", "context":{"id":"f63b51ac-1231-4ce2-83f8-3a3f958bcc06", "isDeleted:":"true", "version":"1724523633272"}}
{"logTime": "0918/074142", "correlationVector":"/6p9bRZTLxY/3yiD/5ymY7.72","action":"GetUpdates", "result":"DeleteReceived", "context":{"id":"007ff799-d438-45cc-a56b-679872d002ce", "isDeleted:":"true", "version":"1724595773881"}}
{"logTime": "0918/074142", "correlationVector":"/6p9bRZTLxY/3yiD/5ymY7.73","action":"GetUpdates", "result":"DeleteReceived", "context":{"id":"65798355-7644-45c2-8a2e-87a4f71a40b3", "isDeleted:":"true", "version":"1724595773882"}}
{"logTime": "0918/074142", "correlationVector":"/6p9bRZTLxY/3yiD/5ymY7.74","action":"GetUpdates", "result":"DeleteReceived", "context":{"id":"cefa20a5-6480-439e-97ee-99a0762280bf", "isDeleted:":"true", "version":"1724595773883"}}
{"logTime": "0918/074142", "correlationVector":"/6p9bRZTLxY/3yiD/5ymY7.75","action":"GetUpdates", "result":"DeleteReceived", "context":{"id":"e761220b-7ed6-42ad-b5ba-13133f96e51c", "isDeleted:":"true", "version":"1724595773884"}}
{"logTime": "0918/074142", "correlationVector":"/6p9bRZTLxY/3yiD/5ymY7.76","action":"GetUpdates", "result":"DeleteReceived", "context":{"id":"00dee103-5edc-497b-9137-704a33fbeaa0", "isDeleted:":"true", "version":"1724595773885"}}
{"logTime": "0918/074142", "correlationVector":"/6p9bRZTLxY/3yiD/5ymY7.77","action":"GetUpdates", "result":"DeleteReceived", "context":{"id":"036aeb7e-6c04-43b8-a240-71bead6e2f76", "isDeleted:":"true", "version":"1724595773886"}}
{"logTime": "0918/074142", "correlationVector":"/6p9bRZTLxY/3yiD/5ymY7.78","action":"GetUpdates", "result":"DeleteReceived", "context":{"id":"3d127e68-0651-483d-b2af-c17529125078", "isDeleted:":"true", "version":"1724595773887"}}
{"logTime": "0918/074142", "correlationVector":"/6p9bRZTLxY/3yiD/5ymY7.79","action":"GetUpdates", "result":"DeleteReceived", "context":{"id":"118886c7-0072-4130-9530-37f67a0e60bc", "isDeleted:":"true", "version":"1724595773888"}}
{"logTime": "0918/074142", "correlationVector":"/6p9bRZTLxY/3yiD/5ymY7.80","action":"GetUpdates", "result":"DeleteReceived", "context":{"id":"7496096c-13e3-4cf4-bfc9-7108c4421a8d", "isDeleted:":"true", "version":"1724596590993"}}
{"logTime": "0918/074142", "correlationVector":"/6p9bRZTLxY/3yiD/5ymY7.81","action":"GetUpdates", "result":"DeleteReceived", "context":{"id":"4409741a-93ef-4c20-ba78-21160847951a", "isDeleted:":"true", "version":"1724596590994"}}
{"logTime": "0918/074142", "correlationVector":"/6p9bRZTLxY/3yiD/5ymY7.82","action":"GetUpdates", "result":"DeleteReceived", "context":{"id":"9294ece3-9ddf-4b69-85a5-1d0b41fede28", "isDeleted:":"true", "version":"1724596590995"}}
{"logTime": "0918/074142", "correlationVector":"/6p9bRZTLxY/3yiD/5ymY7.83","action":"GetUpdates", "result":"DeleteReceived", "context":{"id":"43f37f85-3e78-4dff-bbcf-44913d80eb6d", "isDeleted:":"true", "version":"1724596590996"}}
{"logTime": "0918/074142", "correlationVector":"/6p9bRZTLxY/3yiD/5ymY7.84","action":"GetUpdates", "result":"DeleteReceived", "context":{"id":"62526ebd-1c24-4292-9580-a4c6173d5659", "isDeleted:":"true", "version":"1724597419817"}}
{"logTime": "0918/074142", "correlationVector":"/6p9bRZTLxY/3yiD/5ymY7.85","action":"GetUpdates", "result":"DeleteReceived", "context":{"id":"8d8f7acf-8b31-4160-bc64-3219796c2356", "isDeleted:":"true", "version":"1724597419818"}}
{"logTime": "0918/074142", "correlationVector":"/6p9bRZTLxY/3yiD/5ymY7.86","action":"GetUpdates", "result":"DeleteReceived", "context":{"id":"bf4c00cc-dd42-4380-a9ea-05d6e6cfbd86", "isDeleted:":"true", "version":"1724598439469"}}
{"logTime": "0918/074142", "correlationVector":"/6p9bRZTLxY/3yiD/5ymY7.87","action":"GetUpdates", "result":"DeleteReceived", "context":{"id":"65d89fed-8a18-490f-a56a-0c8055d430bf", "isDeleted:":"true", "version":"1724598439470"}}
{"logTime": "0918/074142", "correlationVector":"/6p9bRZTLxY/3yiD/5ymY7.88","action":"GetUpdates", "result":"DeleteReceived", "context":{"id":"f3dc4b9a-1595-44fc-99e8-a512ac118e1b", "isDeleted:":"true", "version":"1724599517566"}}
{"logTime": "0918/074142", "correlationVector":"/6p9bRZTLxY/3yiD/5ymY7.89","action":"GetUpdates", "result":"DeleteReceived", "context":{"id":"63228276-fbe2-49d7-93ee-72b6b9e806dc", "isDeleted:":"true", "version":"1724601079979"}}
{"logTime": "0918/074142", "correlationVector":"/6p9bRZTLxY/3yiD/5ymY7.90","action":"GetUpdates", "result":"DeleteReceived", "context":{"id":"723270ea-9763-4359-843e-78d0694fce8f", "isDeleted:":"true", "version":"1724601079980"}}
{"logTime": "0918/074142", "correlationVector":"/6p9bRZTLxY/3yiD/5ymY7.91","action":"GetUpdates", "result":"DeleteReceived", "context":{"id":"9b47a71b-55a0-41b0-b44b-95d53acdb96f", "isDeleted:":"true", "version":"1724608094666"}}
{"logTime": "0918/074142", "correlationVector":"/6p9bRZTLxY/3yiD/5ymY7.92","action":"GetUpdates", "result":"DeleteReceived", "context":{"id":"e43721fc-5613-41da-bede-863a39d5ac53", "isDeleted:":"true", "version":"1724679069925"}}
{"logTime": "0918/074142", "correlationVector":"/6p9bRZTLxY/3yiD/5ymY7.93","action":"GetUpdates", "result":"DeleteReceived", "context":{"id":"1ac342f4-ca26-4667-9c61-2a9b570ab94d", "isDeleted:":"true", "version":"1724682749418"}}
{"logTime": "0918/074142", "correlationVector":"/6p9bRZTLxY/3yiD/5ymY7.94","action":"GetUpdates", "result":"DeleteReceived", "context":{"id":"2990aa1d-0adc-422e-9936-00a220dfc576", "isDeleted:":"true", "version":"1724689184077"}}
{"logTime": "0918/074142", "correlationVector":"/6p9bRZTLxY/3yiD/5ymY7.95","action":"GetUpdates", "result":"DeleteReceived", "context":{"id":"9bcd4611-9ec4-40e6-b876-1488970014d2", "isDeleted:":"true", "version":"1724769919074"}}
{"logTime": "0918/074142", "correlationVector":"/6p9bRZTLxY/3yiD/5ymY7.96","action":"GetUpdates", "result":"DeleteReceived", "context":{"id":"0fa2703a-8aeb-40fd-adcb-54c3739e9286", "isDeleted:":"true", "version":"1724833912013"}}
{"logTime": "0918/074142", "correlationVector":"/6p9bRZTLxY/3yiD/5ymY7.97","action":"GetUpdates", "result":"DeleteReceived", "context":{"id":"f2d11b82-3342-4f3c-85ab-3b42bb5b7767", "isDeleted:":"true", "version":"1724839825692"}}
{"logTime": "0918/074142", "correlationVector":"/6p9bRZTLxY/3yiD/5ymY7.98","action":"GetUpdates", "result":"DeleteReceived", "context":{"id":"5798c7c7-29fb-4752-acc8-eec38ee35db8", "isDeleted:":"true", "version":"1724868895221"}}
{"logTime": "0918/074142", "correlationVector":"/6p9bRZTLxY/3yiD/5ymY7.99","action":"GetUpdates", "result":"DeleteReceived", "context":{"id":"9fee4987-24c8-4e30-8ad5-b46bafb160ad", "isDeleted:":"true", "version":"1724947770586"}}
{"logTime": "0918/074142", "correlationVector":"/6p9bRZTLxY/3yiD/5ymY7.100","action":"GetUpdates", "result":"DeleteReceived", "context":{"id":"42934c65-92da-4ce5-a760-89157dc4b027", "isDeleted:":"true", "version":"1724959802001"}}
{"logTime": "0918/074142", "correlationVector":"/6p9bRZTLxY/3yiD/5ymY7.101","action":"GetUpdates", "result":"DeleteReceived", "context":{"id":"00122da6-30ac-49e9-8827-42f1b0bf044d", "isDeleted:":"true", "version":"1725031347040"}}
{"logTime": "0918/074142", "correlationVector":"/6p9bRZTLxY/3yiD/5ymY7.102","action":"GetUpdates", "result":"DeleteReceived", "context":{"id":"3d3462b3-d604-4872-9842-4a0295334d3f", "isDeleted:":"true", "version":"1725035728870"}}
{"logTime": "0918/074142", "correlationVector":"/6p9bRZTLxY/3yiD/5ymY7.103","action":"GetUpdates", "result":"DeleteReceived", "context":{"id":"b2ce579c-8890-44e3-976f-c917fe7dc81f", "isDeleted:":"true", "version":"1725040613225"}}
{"logTime": "0918/074142", "correlationVector":"/6p9bRZTLxY/3yiD/5ymY7.104","action":"GetUpdates", "result":"DeleteReceived", "context":{"id":"e5486646-cf9b-4624-8682-62b61fc9ceba", "isDeleted:":"true", "version":"1725089130349"}}
{"logTime": "0918/074142", "correlationVector":"/6p9bRZTLxY/3yiD/5ymY7.105","action":"GetUpdates", "result":"DeleteReceived", "context":{"id":"91791ad2-2c2a-442f-80a8-191141c592e9", "isDeleted:":"true", "version":"1725093680631"}}
{"logTime": "0918/074142", "correlationVector":"/6p9bRZTLxY/3yiD/5ymY7.106","action":"GetUpdates", "result":"DeleteReceived", "context":{"id":"c5caeaa1-6ec3-44b4-b85b-200f94494a9b", "isDeleted:":"true", "version":"1725094005331"}}
{"logTime": "0918/074142", "correlationVector":"/6p9bRZTLxY/3yiD/5ymY7.107","action":"GetUpdates", "result":"DeleteReceived", "context":{"id":"4d15f01f-9000-4a65-b13a-d40118b50a7e", "isDeleted:":"true", "version":"1725113153577"}}
{"logTime": "0918/074142", "correlationVector":"/6p9bRZTLxY/3yiD/5ymY7.108","action":"GetUpdates", "result":"DeleteReceived", "context":{"id":"1bf02594-d301-42b3-80a0-f62934489f93", "isDeleted:":"true", "version":"1725115707051"}}
{"logTime": "0918/074142", "correlationVector":"/6p9bRZTLxY/3yiD/5ymY7.109","action":"GetUpdates", "result":"DeleteReceived", "context":{"id":"94ba89e2-f00e-4703-9260-f1630769ea17", "isDeleted:":"true", "version":"1725125514626"}}
{"logTime": "0918/074142", "correlationVector":"/6p9bRZTLxY/3yiD/5ymY7.110","action":"GetUpdates", "result":"DeleteReceived", "context":{"id":"931c6042-382d-4721-a21d-24701274f566", "isDeleted:":"true", "version":"1725213609026"}}
{"logTime": "0918/074142", "correlationVector":"/6p9bRZTLxY/3yiD/5ymY7.111","action":"GetUpdates", "result":"DeleteReceived", "context":{"id":"dc1267ae-1233-47ac-b79e-0bfadb3218e5", "isDeleted:":"true", "version":"1725724433323"}}
{"logTime": "0918/074142", "correlationVector":"/6p9bRZTLxY/3yiD/5ymY7.112","action":"GetUpdates", "result":"DeleteReceived", "context":{"id":"83695f2b-7f2b-4078-8dae-334eed1a84ac", "isDeleted:":"true", "version":"1725724433324"}}
{"logTime": "0918/074142", "correlationVector":"/6p9bRZTLxY/3yiD/5ymY7.113","action":"GetUpdates", "result":"DeleteReceived", "context":{"id":"a9afe667-108a-4239-8efe-05f7a38088de", "isDeleted:":"true", "version":"1725724433325"}}
{"logTime": "0918/074142", "correlationVector":"/6p9bRZTLxY/3yiD/5ymY7.114","action":"GetUpdates", "result":"DeleteReceived", "context":{"id":"83239304-e894-479e-811b-391fb5dc8bae", "isDeleted:":"true", "version":"1725724433326"}}
{"logTime": "0918/074142", "correlationVector":"/6p9bRZTLxY/3yiD/5ymY7.115","action":"GetUpdates", "result":"DeleteReceived", "context":{"id":"49fec0b4-d6ce-43d7-a6eb-a972f6e834ac", "isDeleted:":"true", "version":"1725724433327"}}
{"logTime": "0918/074142", "correlationVector":"/6p9bRZTLxY/3yiD/5ymY7.116","action":"GetUpdates", "result":"DeleteReceived", "context":{"id":"ca0bf421-32c4-4ab3-a519-8b077a31bb80", "isDeleted:":"true", "version":"1725724433328"}}
{"logTime": "0918/074142", "correlationVector":"/6p9bRZTLxY/3yiD/5ymY7.117","action":"GetUpdates", "result":"DeleteReceived", "context":{"id":"ef50653c-bb49-4f6b-9d9e-2b85804d827a", "isDeleted:":"true", "version":"1725810246307"}}
{"logTime": "0918/074142", "correlationVector":"/6p9bRZTLxY/3yiD/5ymY7.118","action":"GetUpdates", "result":"DeleteReceived", "context":{"id":"d5f8de5d-42b4-42ad-a17f-b3cd3bb22e8e", "isDeleted:":"true", "version":"1725810603662"}}
{"logTime": "0918/074142", "correlationVector":"/6p9bRZTLxY/3yiD/5ymY7.119","action":"GetUpdates", "result":"DeleteReceived", "context":{"id":"96dc9eb3-f576-411e-9c89-a4259abc912c", "isDeleted:":"true", "version":"1725814322248"}}
{"logTime": "0918/074142", "correlationVector":"/6p9bRZTLxY/3yiD/5ymY7.120","action":"GetUpdates", "result":"DeleteReceived", "context":{"id":"cfbd5693-701d-4887-9b5b-13e674581de1", "isDeleted:":"true", "version":"1725815244298"}}
{"logTime": "0918/074142", "correlationVector":"/6p9bRZTLxY/3yiD/5ymY7.121","action":"GetUpdates", "result":"DeleteReceived", "context":{"id":"4218548f-d9c1-4ac8-8ca0-9d68bc357793", "isDeleted:":"true", "version":"1726330840133"}}
{"logTime": "0918/074142", "correlationVector":"/6p9bRZTLxY/3yiD/5ymY7.122","action":"GetUpdates", "result":"DeleteReceived", "context":{"id":"3de2d684-f6e2-49c0-a26d-342a6aa3a39c", "isDeleted:":"true", "version":"1726330840134"}}
{"logTime": "0918/074142", "correlationVector":"/6p9bRZTLxY/3yiD/5ymY7.123","action":"GetUpdates", "result":"DeleteReceived", "context":{"id":"09d78d09-6c66-4bc8-9547-23e3cbfdfb9c", "isDeleted:":"true", "version":"1726333356270"}}
{"logTime": "0918/074142", "correlationVector":"/6p9bRZTLxY/3yiD/5ymY7.124","action":"GetUpdates", "result":"DeleteReceived", "context":{"id":"dc81842a-cc0d-4bd9-b9fd-4a59a735a28c", "isDeleted:":"true", "version":"1726333356271"}}
{"logTime": "0918/074142", "correlationVector":"/6p9bRZTLxY/3yiD/5ymY7.125","action":"GetUpdates", "result":"DeleteReceived", "context":{"id":"638049d3-ee7b-40ec-b1a7-d33eb9736683", "isDeleted:":"true", "version":"1726336995817"}}
{"logTime": "0918/074142", "correlationVector":"/6p9bRZTLxY/3yiD/5ymY7.126","action":"GetUpdates", "result":"DeleteReceived", "context":{"id":"ee70b125-3292-4d67-89f8-454e13eaa801", "isDeleted:":"true", "version":"1726336995818"}}
{"logTime": "0918/074142", "correlationVector":"/6p9bRZTLxY/3yiD/5ymY7.127","action":"GetUpdates", "result":"DeleteReceived", "context":{"id":"556f2a75-105c-4720-b658-c8139ca64729", "isDeleted:":"true", "version":"1726560922695"}}
{"logTime": "0918/074142", "correlationVector":"/6p9bRZTLxY/3yiD/5ymY7.128","action":"GetUpdates", "result":"DeleteReceived", "context":{"id":"1db30eb6-1b4c-404b-8405-4c4058a9a3fd", "isDeleted:":"true", "version":"1726565521852"}}
{"logTime": "0918/074142", "correlationVector":"/6p9bRZTLxY/3yiD/5ymY7.129","action":"GetUpdates", "result":"DeleteReceived", "context":{"id":"071cac8a-5caf-46da-ada3-0e0381fe658f", "isDeleted:":"true", "version":"1726566271350"}}
{"logTime": "0918/074142", "correlationVector":"/6p9bRZTLxY/3yiD/5ymY7.130","action":"GetUpdates", "result":"DeleteReceived", "context":{"id":"f556497c-9789-4494-b7ff-545ff8278f5e", "isDeleted:":"true", "version":"1726643426496"}}
{"logTime": "0918/074142", "correlationVector":"/6p9bRZTLxY/3yiD/5ymY7.131","action":"GetUpdates", "result":"DeleteReceived", "context":{"id":"d3e4c007-49c2-4e66-9cdd-96e174b7b89a", "isDeleted:":"true", "version":"1726643426497"}}
{"logTime": "0918/074142", "correlationVector":"/6p9bRZTLxY/3yiD/5ymY7.132","action":"GetUpdates Response", "result":"Success", "context":Received 147 update(s). cV=/6p9bRZTLxY/3yiD/5ymY7.0;server=GENERAL0300002E;cloudType=Consumer;environment=Prod_SoutheastAsia_000j;migrationStage=NotStarted}
{"logTime": "0918/074142", "correlationVector":"e5wQcU0QQ0t3GeU5l7DsOY","action":"Normal GetUpdate request", "result":"", "context":cV=e5wQcU0QQ0t3GeU5l7DsOY
Nudged types: Sessions
Refresh requested types: Bookmarks, Preferences, Passwords, Autofill Profiles, Autofill, Typed URLs, Extensions, Sessions, Extension settings, History Delete Directives, Device Info, User Consents, Send Tab To Self, Web Apps, Collection, Edge E Drop, Edge Hub App Usage, Edge Tab Group, Edge Wallet, Encryption Keys}
{"logTime": "0918/074143", "correlationVector":"e5wQcU0QQ0t3GeU5l7DsOY.1","action":"SyncServerConnectionManagerRequest", "result":"SYNC_SERVER_OK", "context":{"environment":"Prod_SoutheastAsia_000j", "migrationStage":"NotStarted", "server":"GENERAL0300000H"}}
{"logTime": "0918/074143", "correlationVector":"e5wQcU0QQ0t3GeU5l7DsOY.2","action":"GetUpdates Response", "result":"Success", "context":Received 7 update(s). cV=e5wQcU0QQ0t3GeU5l7DsOY.0;server=GENERAL0300000H;cloudType=Consumer;environment=Prod_SoutheastAsia_000j;migrationStage=NotStarted}
{"logTime": "0918/074145", "correlationVector":"lc8MMB0Vs1I1+3ZxmOAS2r","action":"Commit Request", "result":"", "context":Item count: 2
Contributing types: Sessions}
{"logTime": "0918/074145", "correlationVector":"lc8MMB0Vs1I1+3ZxmOAS2r.1","action":"SyncServerConnectionManagerRequest", "result":"SYNC_SERVER_OK", "context":{"environment":"Prod_SoutheastAsia_000j", "migrationStage":"NotStarted", "server":"GENERAL0100000O"}}
{"logTime": "0918/074145", "correlationVector":"lc8MMB0Vs1I1+3ZxmOAS2r.2","action":"Commit Response", "result":"Success", "context":Result: Success. cV=lc8MMB0Vs1I1+3ZxmOAS2r.0;server=GENERAL0100000O;cloudType=Consumer;environment=Prod_SoutheastAsia_000j;migrationStage=NotStarted}
{"logTime": "0918/074216", "correlationVector":"GasQbVLxXOoHqx/t0uA4FQ","action":"Normal GetUpdate request", "result":"", "context":cV=GasQbVLxXOoHqx/t0uA4FQ
Nudged types: Sessions}
{"logTime": "0918/074217", "correlationVector":"GasQbVLxXOoHqx/t0uA4FQ.1","action":"SyncServerConnectionManagerRequest", "result":"SYNC_SERVER_OK", "context":{"environment":"Prod_SoutheastAsia_000j", "migrationStage":"NotStarted", "server":"GENERAL03000021"}}
{"logTime": "0918/074217", "correlationVector":"GasQbVLxXOoHqx/t0uA4FQ.2","action":"GetUpdates Response", "result":"Success", "context":Received 2 update(s). cV=GasQbVLxXOoHqx/t0uA4FQ.0;server=GENERAL03000021;cloudType=Consumer;environment=Prod_SoutheastAsia_000j;migrationStage=NotStarted}
{"logTime": "0918/074217", "correlationVector":"UdQf9MHtBlbrCSSeQW+Oe+","action":"Commit Request", "result":"", "context":Item count: 1
Contributing types: Sessions}
{"logTime": "0918/074218", "correlationVector":"UdQf9MHtBlbrCSSeQW+Oe+.1","action":"SyncServerConnectionManagerRequest", "result":"SYNC_SERVER_OK", "context":{"environment":"Prod_SoutheastAsia_000j", "migrationStage":"NotStarted", "server":"GENERAL03000016"}}
{"logTime": "0918/074218", "correlationVector":"UdQf9MHtBlbrCSSeQW+Oe+.2","action":"Commit Response", "result":"Success", "context":Result: Success. cV=UdQf9MHtBlbrCSSeQW+Oe+.0;server=GENERAL03000016;cloudType=Consumer;environment=Prod_SoutheastAsia_000j;migrationStage=NotStarted}
{"logTime": "0918/080244", "correlationVector":"GWBesEuBlx88BF/3+SEEzu.1","action":"SyncServerConnectionManagerRequest", "result":"SYNC_SERVER_OK", "context":{"environment":"Prod_SoutheastAsia_000j", "migrationStage":"NotStarted", "server":"GENERAL01000000"}}
{"logTime": "0918/080245", "correlationVector":"FtTmuhg0qaV/dapjd1n6zt","action":"SyncServerConnectionManagerRequest", "result":"SYNC_SERVER_OK", "context":{"environment":"", "migrationStage":"", "server":""}}
{"logTime": "0918/080245", "correlationVector":"GWBesEuBlx88BF/3+SEEzu","action":"Initial GetUpdates", "result":"", "context":Reason: NEW_CLIENT. cV=GWBesEuBlx88BF/3+SEEzu}
{"logTime": "0918/080245", "correlationVector":"GWBesEuBlx88BF/3+SEEzu.2","action":"GetUpdates Response", "result":"Success", "context":Received 1 update(s). cV=GWBesEuBlx88BF/3+SEEzu.0;server=GENERAL01000000;cloudType=Consumer;environment=Prod_SoutheastAsia_000j;migrationStage=NotStarted}
{"logTime": "0918/080245", "correlationVector":"s4xRPthzEC5QQhVbfcNvLq","action":"Initial GetUpdates", "result":"", "context":Reason: NEWLY_SUPPORTED_DATATYPE. cV=s4xRPthzEC5QQhVbfcNvLq}
{"logTime": "0918/080245", "correlationVector":"s4xRPthzEC5QQhVbfcNvLq.1","action":"SyncServerConnectionManagerRequest", "result":"SYNC_SERVER_OK", "context":{"environment":"Prod_SoutheastAsia_000j", "migrationStage":"NotStarted", "server":"GENERAL0300001C"}}
{"logTime": "0918/080245", "correlationVector":"s4xRPthzEC5QQhVbfcNvLq.2","action":"GetUpdates", "result":"DeleteReceived", "context":{"id":"5bd6d54a-dcf6-46a8-a224-ec25c293160e", "isDeleted:":"true", "version":"1695117972047"}}
{"logTime": "0918/080245", "correlationVector":"s4xRPthzEC5QQhVbfcNvLq.3","action":"GetUpdates", "result":"DeleteReceived", "context":{"id":"506aa47a-d6fa-4e35-82e8-fc22a543b5af", "isDeleted:":"true", "version":"1695117972048"}}
{"logTime": "0918/080245", "correlationVector":"s4xRPthzEC5QQhVbfcNvLq.4","action":"GetUpdates", "result":"DeleteReceived", "context":{"id":"b5ffb86a-7988-400d-a251-ced03f9c2206", "isDeleted:":"true", "version":"1695117972049"}}
{"logTime": "0918/080245", "correlationVector":"s4xRPthzEC5QQhVbfcNvLq.5","action":"GetUpdates", "result":"DeleteReceived", "context":{"id":"b650aa2e-6097-409d-a5b2-0c708b023313", "isDeleted:":"true", "version":"1695117972050"}}
{"logTime": "0918/080245", "correlationVector":"s4xRPthzEC5QQhVbfcNvLq.6","action":"GetUpdates", "result":"DeleteReceived", "context":{"id":"b5d558d1-45b5-45ba-891e-9ac7f321eb1a", "isDeleted:":"true", "version":"1695117972051"}}
{"logTime": "0918/080245", "correlationVector":"s4xRPthzEC5QQhVbfcNvLq.7","action":"GetUpdates", "result":"DeleteReceived", "context":{"id":"5c8de2d0-37ca-4973-95e4-20acbff62873", "isDeleted:":"true", "version":"1695117972052"}}
{"logTime": "0918/080245", "correlationVector":"s4xRPthzEC5QQhVbfcNvLq.8","action":"GetUpdates", "result":"DeleteReceived", "context":{"id":"be29ca1c-efed-4813-ac07-564c6e3679e4", "isDeleted:":"true", "version":"1695117972053"}}
{"logTime": "0918/080245", "correlationVector":"s4xRPthzEC5QQhVbfcNvLq.9","action":"GetUpdates", "result":"DeleteReceived", "context":{"id":"4a737faf-bc48-4019-9f87-aaf8cf3bb8b4", "isDeleted:":"true", "version":"1695117972054"}}
{"logTime": "0918/080245", "correlationVector":"s4xRPthzEC5QQhVbfcNvLq.10","action":"GetUpdates", "result":"DeleteReceived", "context":{"id":"22ed0165-0d56-4a08-b683-54b96df9698a", "isDeleted:":"true", "version":"1695117972055"}}
{"logTime": "0918/080245", "correlationVector":"s4xRPthzEC5QQhVbfcNvLq.11","action":"GetUpdates", "result":"DeleteReceived", "context":{"id":"d888abfb-8790-405b-acfa-28460ade3672", "isDeleted:":"true", "version":"1695117972056"}}
{"logTime": "0918/080245", "correlationVector":"s4xRPthzEC5QQhVbfcNvLq.12","action":"GetUpdates", "result":"DeleteReceived", "context":{"id":"81fd3894-532f-45cf-b40b-dafdfba90e23", "isDeleted:":"true", "version":"1695117972057"}}
{"logTime": "0918/080245", "correlationVector":"s4xRPthzEC5QQhVbfcNvLq.13","action":"GetUpdates", "result":"DeleteReceived", "context":{"id":"1a7bd6a4-9b91-4a65-ad63-69110bf07414", "isDeleted:":"true", "version":"1695117972058"}}
{"logTime": "0918/080245", "correlationVector":"s4xRPthzEC5QQhVbfcNvLq.14","action":"GetUpdates", "result":"DeleteReceived", "context":{"id":"b95b29c4-c429-42df-bfa5-e1a80053ea3c", "isDeleted:":"true", "version":"1695117972059"}}
{"logTime": "0918/080245", "correlationVector":"s4xRPthzEC5QQhVbfcNvLq.15","action":"GetUpdates", "result":"DeleteReceived", "context":{"id":"5212cbad-77a1-4695-a53b-064c81becde0", "isDeleted:":"true", "version":"1695117972060"}}
{"logTime": "0918/080245", "correlationVector":"s4xRPthzEC5QQhVbfcNvLq.16","action":"GetUpdates", "result":"DeleteReceived", "context":{"id":"a0acd105-4020-46a9-bdf9-fa623e4fb07b", "isDeleted:":"true", "version":"1695117972061"}}
{"logTime": "0918/080245", "correlationVector":"s4xRPthzEC5QQhVbfcNvLq.17","action":"GetUpdates", "result":"DeleteReceived", "context":{"id":"646a1f64-b1d4-4893-aa15-354a37e81edc", "isDeleted:":"true", "version":"1695117972062"}}
{"logTime": "0918/080245", "correlationVector":"s4xRPthzEC5QQhVbfcNvLq.18","action":"GetUpdates", "result":"DeleteReceived", "context":{"id":"8c2b8aa0-b769-4a6a-a9a2-4fd40f1982ea", "isDeleted:":"true", "version":"1695117972063"}}
{"logTime": "0918/080245", "correlationVector":"s4xRPthzEC5QQhVbfcNvLq.19","action":"GetUpdates Response", "result":"Success", "context":Received 22 update(s). cV=s4xRPthzEC5QQhVbfcNvLq.0;server=GENERAL0300001C;cloudType=Consumer;environment=Prod_SoutheastAsia_000j;migrationStage=NotStarted}
{"logTime": "0918/080246", "correlationVector":"/yVwLKkWz4uZL5XQY0gGQH","action":"Normal GetUpdate request", "result":"", "context":cV=/yVwLKkWz4uZL5XQY0gGQH
Nudged types: Sessions
Refresh requested types: Bookmarks, Preferences, Passwords, Autofill Profiles, Autofill, Typed URLs, Extensions, Sessions, Extension settings, History Delete Directives, Device Info, User Consents, Send Tab To Self, Web Apps, Collection, Edge E Drop, Edge Hub App Usage, Edge Tab Group, Edge Wallet, Encryption Keys}
{"logTime": "0918/080246", "correlationVector":"/yVwLKkWz4uZL5XQY0gGQH.1","action":"SyncServerConnectionManagerRequest", "result":"SYNC_SERVER_OK", "context":{"environment":"Prod_SoutheastAsia_000j", "migrationStage":"NotStarted", "server":"GENERAL0300000G"}}
{"logTime": "0918/080246", "correlationVector":"/yVwLKkWz4uZL5XQY0gGQH.2","action":"GetUpdates Response", "result":"Success", "context":Received 1 update(s). cV=/yVwLKkWz4uZL5XQY0gGQH.0;server=GENERAL0300000G;cloudType=Consumer;environment=Prod_SoutheastAsia_000j;migrationStage=NotStarted}
{"logTime": "0918/080246", "correlationVector":"5vKU/31bwKajOv4rgBhnU/","action":"Commit Request", "result":"", "context":Item count: 3
Contributing types: Sessions}
{"logTime": "0918/080248", "correlationVector":"5vKU/31bwKajOv4rgBhnU/.1","action":"SyncServerConnectionManagerRequest", "result":"SYNC_SERVER_OK", "context":{"environment":"Prod_SoutheastAsia_000j", "migrationStage":"NotStarted", "server":"GENERAL0300001P"}}
{"logTime": "0918/080248", "correlationVector":"5vKU/31bwKajOv4rgBhnU/.3","action":"Commit.Sessions", "result":"Success", "context":{"id":"246a341c-184b-4e72-8dc2-557f6a108c70", "isDeleted":"true", "size":"0", "version":"1726645337995"}}
{"logTime": "0918/080248", "correlationVector":"5vKU/31bwKajOv4rgBhnU/.2","action":"Commit Response", "result":"Success", "context":Result: Success. cV=5vKU/31bwKajOv4rgBhnU/.0;server=GENERAL0300001P;cloudType=Consumer;environment=Prod_SoutheastAsia_000j;migrationStage=NotStarted}
{"logTime": "0918/080318", "correlationVector":"/hwDcw1zg4nW+Lv77fhe6x","action":"Normal GetUpdate request", "result":"", "context":cV=/hwDcw1zg4nW+Lv77fhe6x
Nudged types: Sessions}
{"logTime": "0918/080319", "correlationVector":"/hwDcw1zg4nW+Lv77fhe6x.1","action":"SyncServerConnectionManagerRequest", "result":"SYNC_SERVER_OK", "context":{"environment":"Prod_SoutheastAsia_000j", "migrationStage":"NotStarted", "server":"GENERAL0100001C"}}
{"logTime": "0918/080319", "correlationVector":"/hwDcw1zg4nW+Lv77fhe6x.2","action":"GetUpdates", "result":"DeleteReceived", "context":{"id":"246a341c-184b-4e72-8dc2-557f6a108c70", "isDeleted:":"true", "version":"1726646567132"}}
{"logTime": "0918/080319", "correlationVector":"/hwDcw1zg4nW+Lv77fhe6x.3","action":"GetUpdates Response", "result":"Success", "context":Received 3 update(s). cV=/hwDcw1zg4nW+Lv77fhe6x.0;server=GENERAL0100001C;cloudType=Consumer;environment=Prod_SoutheastAsia_000j;migrationStage=NotStarted}
{"logTime": "0918/080319", "correlationVector":"RMfJ6KW2O0oAuRdiVCSeUS","action":"Commit Request", "result":"", "context":Item count: 1
Contributing types: Sessions}
{"logTime": "0918/080319", "correlationVector":"RMfJ6KW2O0oAuRdiVCSeUS.1","action":"SyncServerConnectionManagerRequest", "result":"SYNC_SERVER_OK", "context":{"environment":"Prod_SoutheastAsia_000j", "migrationStage":"NotStarted", "server":"GENERAL03000016"}}
{"logTime": "0918/080319", "correlationVector":"RMfJ6KW2O0oAuRdiVCSeUS.2","action":"Commit Response", "result":"Success", "context":Result: Success. cV=RMfJ6KW2O0oAuRdiVCSeUS.0;server=GENERAL03000016;cloudType=Consumer;environment=Prod_SoutheastAsia_000j;migrationStage=NotStarted}
{"logTime": "0918/080743", "correlationVector":"1k+daFfT4o6rt5zVPkKesh","action":"Normal GetUpdate request", "result":"", "context":cV=1k+daFfT4o6rt5zVPkKesh
Refresh requested types: Bookmarks, Preferences, Passwords, Autofill Profiles, Autofill, Typed URLs, Extensions, Sessions, Extension settings, History Delete Directives, Device Info, User Consents, Send Tab To Self, Web Apps, Collection, Edge E Drop, Edge Hub App Usage, Edge Tab Group, Edge Wallet, Encryption Keys}
{"logTime": "0918/080744", "correlationVector":"1k+daFfT4o6rt5zVPkKesh.1","action":"SyncServerConnectionManagerRequest", "result":"SYNC_SERVER_OK", "context":{"environment":"Prod_SoutheastAsia_000j", "migrationStage":"NotStarted", "server":"GENERAL0100000A"}}
{"logTime": "0918/080744", "correlationVector":"1k+daFfT4o6rt5zVPkKesh.2","action":"GetUpdates Response", "result":"Success", "context":Received 1 update(s). cV=1k+daFfT4o6rt5zVPkKesh.0;server=GENERAL0100000A;cloudType=Consumer;environment=Prod_SoutheastAsia_000j;migrationStage=NotStarted}
{"logTime": "0918/081519", "correlationVector":"eAODb/ly0CLE2RTPbWFSMh","action":"Commit Request", "result":"", "context":Item count: 1
Contributing types: Sessions}
{"logTime": "0918/081536", "correlationVector":"eAODb/ly0CLE2RTPbWFSMh.1","action":"SyncServerConnectionManagerRequest", "result":"SYNC_SERVER_OK", "context":{"environment":"Prod_SoutheastAsia_000j", "migrationStage":"NotStarted", "server":"GENERAL0300000N"}}
{"logTime": "0918/081536", "correlationVector":"eAODb/ly0CLE2RTPbWFSMh.2","action":"Commit Response", "result":"Success", "context":Result: Success. cV=eAODb/ly0CLE2RTPbWFSMh.0;server=GENERAL0300000N;cloudType=Consumer;environment=Prod_SoutheastAsia_000j;migrationStage=NotStarted}
{"logTime": "0918/084607", "correlationVector":"8+GFOCe8WcCt0pMngWf27u","action":"Commit Request", "result":"", "context":Item count: 1
Contributing types: Sessions}
{"logTime": "0918/084608", "correlationVector":"8+GFOCe8WcCt0pMngWf27u.1","action":"SyncServerConnectionManagerRequest", "result":"SYNC_SERVER_OK", "context":{"environment":"Prod_SoutheastAsia_000j", "migrationStage":"NotStarted", "server":"GENERAL01000007"}}
{"logTime": "0918/084608", "correlationVector":"8+GFOCe8WcCt0pMngWf27u.2","action":"Commit Response", "result":"Success", "context":Result: Success. cV=8+GFOCe8WcCt0pMngWf27u.0;server=GENERAL01000007;cloudType=Consumer;environment=Prod_SoutheastAsia_000j;migrationStage=NotStarted}
{"logTime": "0918/085905", "correlationVector":"3Y8TkUsVuvu/Rlrr1cdw5y","action":"Commit Request", "result":"", "context":Item count: 1
Contributing types: Sessions}
{"logTime": "0918/085906", "correlationVector":"3Y8TkUsVuvu/Rlrr1cdw5y.1","action":"SyncServerConnectionManagerRequest", "result":"SYNC_SERVER_OK", "context":{"environment":"Prod_SoutheastAsia_000j", "migrationStage":"NotStarted", "server":"GENERAL03000028"}}
{"logTime": "0918/085906", "correlationVector":"3Y8TkUsVuvu/Rlrr1cdw5y.2","action":"Commit Response", "result":"Success", "context":Result: Success. cV=3Y8TkUsVuvu/Rlrr1cdw5y.0;server=GENERAL03000028;cloudType=Consumer;environment=Prod_SoutheastAsia_000j;migrationStage=NotStarted}
{"logTime": "0918/091304", "correlationVector":"9ttukXSquJSI03bz9cTauU","action":"Commit Request", "result":"", "context":Item count: 1
Contributing types: Sessions}
{"logTime": "0918/091305", "correlationVector":"9ttukXSquJSI03bz9cTauU.1","action":"SyncServerConnectionManagerRequest", "result":"SYNC_SERVER_OK", "context":{"environment":"Prod_SoutheastAsia_000j", "migrationStage":"NotStarted", "server":"GENERAL01000000"}}
{"logTime": "0918/091305", "correlationVector":"9ttukXSquJSI03bz9cTauU.2","action":"Commit Response", "result":"Success", "context":Result: Success. cV=9ttukXSquJSI03bz9cTauU.0;server=GENERAL01000000;cloudType=Consumer;environment=Prod_SoutheastAsia_000j;migrationStage=NotStarted}
{"logTime": "0918/092046", "correlationVector":"/l0nLXXDo0OEmLe4tmML3S","action":"Commit Request", "result":"", "context":Item count: 1
Contributing types: Sessions}
{"logTime": "0918/092047", "correlationVector":"/l0nLXXDo0OEmLe4tmML3S.1","action":"SyncServerConnectionManagerRequest", "result":"SYNC_SERVER_OK", "context":{"environment":"Prod_SoutheastAsia_000j", "migrationStage":"NotStarted", "server":"GENERAL01000017"}}
{"logTime": "0918/092047", "correlationVector":"/l0nLXXDo0OEmLe4tmML3S.2","action":"Commit Response", "result":"Success", "context":Result: Success. cV=/l0nLXXDo0OEmLe4tmML3S.0;server=GENERAL01000017;cloudType=Consumer;environment=Prod_SoutheastAsia_000j;migrationStage=NotStarted}
{"logTime": "0918/092140", "correlationVector":"wAP0fYEm/qmc9VZtU7Ls9T","action":"Commit Request", "result":"", "context":Item count: 1
Contributing types: Sessions}
{"logTime": "0918/092141", "correlationVector":"wAP0fYEm/qmc9VZtU7Ls9T.1","action":"SyncServerConnectionManagerRequest", "result":"SYNC_SERVER_OK", "context":{"environment":"Prod_SoutheastAsia_000j", "migrationStage":"NotStarted", "server":"GENERAL0100001A"}}
{"logTime": "0918/092141", "correlationVector":"wAP0fYEm/qmc9VZtU7Ls9T.2","action":"Commit Response", "result":"Success", "context":Result: Success. cV=wAP0fYEm/qmc9VZtU7Ls9T.0;server=GENERAL0100001A;cloudType=Consumer;environment=Prod_SoutheastAsia_000j;migrationStage=NotStarted}
{"logTime": "0918/092800", "correlationVector":"PYEaFRLVuWePH10Ddx9jPd","action":"Commit Request", "result":"", "context":Item count: 1
Contributing types: Sessions}
{"logTime": "0918/092801", "correlationVector":"PYEaFRLVuWePH10Ddx9jPd.1","action":"SyncServerConnectionManagerRequest", "result":"SYNC_SERVER_OK", "context":{"environment":"Prod_SoutheastAsia_000j", "migrationStage":"NotStarted", "server":"GENERAL0100000A"}}
{"logTime": "0918/092801", "correlationVector":"PYEaFRLVuWePH10Ddx9jPd.2","action":"Commit Response", "result":"Success", "context":Result: Success. cV=PYEaFRLVuWePH10Ddx9jPd.0;server=GENERAL0100000A;cloudType=Consumer;environment=Prod_SoutheastAsia_000j;migrationStage=NotStarted}
{"logTime": "0918/092844", "correlationVector":"2Brl79koNlMCVzWjjwc4Tj","action":"Commit Request", "result":"", "context":Item count: 1
Contributing types: Sessions}
{"logTime": "0918/092845", "correlationVector":"2Brl79koNlMCVzWjjwc4Tj.1","action":"SyncServerConnectionManagerRequest", "result":"SYNC_SERVER_OK", "context":{"environment":"Prod_SoutheastAsia_000j", "migrationStage":"NotStarted", "server":"GENERAL0300001H"}}
{"logTime": "0918/092845", "correlationVector":"2Brl79koNlMCVzWjjwc4Tj.2","action":"Commit Response", "result":"Success", "context":Result: Success. cV=2Brl79koNlMCVzWjjwc4Tj.0;server=GENERAL0300001H;cloudType=Consumer;environment=Prod_SoutheastAsia_000j;migrationStage=NotStarted}
{"logTime": "0918/092958", "correlationVector":"YuW6nxx14I6bqhhgYYW/Mx","action":"Commit Request", "result":"", "context":Item count: 1
Contributing types: Sessions}
{"logTime": "0918/092958", "correlationVector":"YuW6nxx14I6bqhhgYYW/Mx.1","action":"SyncServerConnectionManagerRequest", "result":"SYNC_SERVER_OK", "context":{"environment":"Prod_SoutheastAsia_000j", "migrationStage":"NotStarted", "server":"GENERAL0300001S"}}
{"logTime": "0918/092958", "correlationVector":"YuW6nxx14I6bqhhgYYW/Mx.2","action":"Commit Response", "result":"Success", "context":Result: Success. cV=YuW6nxx14I6bqhhgYYW/Mx.0;server=GENERAL0300001S;cloudType=Consumer;environment=Prod_SoutheastAsia_000j;migrationStage=NotStarted}
{"logTime": "0918/093049", "correlationVector":"vb4dDdH42/wwRd4M8DpLKa","action":"Commit Request", "result":"", "context":Item count: 1
Contributing types: Sessions}
{"logTime": "0918/093049", "correlationVector":"vb4dDdH42/wwRd4M8DpLKa.1","action":"SyncServerConnectionManagerRequest", "result":"SYNC_SERVER_OK", "context":{"environment":"Prod_SoutheastAsia_000j", "migrationStage":"NotStarted", "server":"GENERAL0300001C"}}
{"logTime": "0918/093049", "correlationVector":"vb4dDdH42/wwRd4M8DpLKa.2","action":"Commit Response", "result":"Success", "context":Result: Success. cV=vb4dDdH42/wwRd4M8DpLKa.0;server=GENERAL0300001C;cloudType=Consumer;environment=Prod_SoutheastAsia_000j;migrationStage=NotStarted}
{"logTime": "0918/093142", "correlationVector":"tE11Iir+VLejUoyYHZGK2w","action":"Commit Request", "result":"", "context":Item count: 1
Contributing types: Sessions}
{"logTime": "0918/093142", "correlationVector":"tE11Iir+VLejUoyYHZGK2w.1","action":"SyncServerConnectionManagerRequest", "result":"SYNC_SERVER_OK", "context":{"environment":"Prod_SoutheastAsia_000j", "migrationStage":"NotStarted", "server":"GENERAL0300000E"}}
{"logTime": "0918/093142", "correlationVector":"tE11Iir+VLejUoyYHZGK2w.2","action":"Commit Response", "result":"Success", "context":Result: Success. cV=tE11Iir+VLejUoyYHZGK2w.0;server=GENERAL0300000E;cloudType=Consumer;environment=Prod_SoutheastAsia_000j;migrationStage=NotStarted}
{"logTime": "0918/093256", "correlationVector":"Oms6MQEyAplAGONhtp57m1","action":"Commit Request", "result":"", "context":Item count: 1
Contributing types: Sessions}
{"logTime": "0918/093257", "correlationVector":"Oms6MQEyAplAGONhtp57m1.1","action":"SyncServerConnectionManagerRequest", "result":"SYNC_SERVER_OK", "context":{"environment":"Prod_SoutheastAsia_000j", "migrationStage":"NotStarted", "server":"GENERAL0300001J"}}
{"logTime": "0918/093257", "correlationVector":"Oms6MQEyAplAGONhtp57m1.2","action":"Commit Response", "result":"Success", "context":Result: Success. cV=Oms6MQEyAplAGONhtp57m1.0;server=GENERAL0300001J;cloudType=Consumer;environment=Prod_SoutheastAsia_000j;migrationStage=NotStarted}
{"logTime": "0918/093347", "correlationVector":"fo0iAJLhAjt5tOQ3i/p0Rz","action":"Commit Request", "result":"", "context":Item count: 1
Contributing types: Sessions}
{"logTime": "0918/093348", "correlationVector":"fo0iAJLhAjt5tOQ3i/p0Rz.1","action":"SyncServerConnectionManagerRequest", "result":"SYNC_SERVER_OK", "context":{"environment":"Prod_SoutheastAsia_000j", "migrationStage":"NotStarted", "server":"GENERAL0100000X"}}
{"logTime": "0918/093348", "correlationVector":"fo0iAJLhAjt5tOQ3i/p0Rz.2","action":"Commit Response", "result":"Success", "context":Result: Success. cV=fo0iAJLhAjt5tOQ3i/p0Rz.0;server=GENERAL0100000X;cloudType=Consumer;environment=Prod_SoutheastAsia_000j;migrationStage=NotStarted}
{"logTime": "0918/093435", "correlationVector":"tS1MGk4B7eSMNWEGnNxR83","action":"Commit Request", "result":"", "context":Item count: 1
Contributing types: Sessions}
{"logTime": "0918/093436", "correlationVector":"tS1MGk4B7eSMNWEGnNxR83.1","action":"SyncServerConnectionManagerRequest", "result":"SYNC_SERVER_OK", "context":{"environment":"Prod_SoutheastAsia_000j", "migrationStage":"NotStarted", "server":"GENERAL0300002D"}}
{"logTime": "0918/093436", "correlationVector":"tS1MGk4B7eSMNWEGnNxR83.2","action":"Commit Response", "result":"Success", "context":Result: Success. cV=tS1MGk4B7eSMNWEGnNxR83.0;server=GENERAL0300002D;cloudType=Consumer;environment=Prod_SoutheastAsia_000j;migrationStage=NotStarted}
{"logTime": "0918/093714", "correlationVector":"a1OsV2rUgNCyk7C1icUtbZ","action":"Commit Request", "result":"", "context":Item count: 1
Contributing types: Sessions}
{"logTime": "0918/093714", "correlationVector":"a1OsV2rUgNCyk7C1icUtbZ.1","action":"SyncServerConnectionManagerRequest", "result":"SYNC_SERVER_OK", "context":{"environment":"Prod_SoutheastAsia_000j", "migrationStage":"NotStarted", "server":"GENERAL0100000B"}}
{"logTime": "0918/093714", "correlationVector":"a1OsV2rUgNCyk7C1icUtbZ.2","action":"Commit Response", "result":"Success", "context":Result: Success. cV=a1OsV2rUgNCyk7C1icUtbZ.0;server=GENERAL0100000B;cloudType=Consumer;environment=Prod_SoutheastAsia_000j;migrationStage=NotStarted}
{"logTime": "0918/093929", "correlationVector":"QomnM2ds5Q2hLd1ajBvuq+","action":"Commit Request", "result":"", "context":Item count: 1
Contributing types: Sessions}
{"logTime": "0918/093930", "correlationVector":"QomnM2ds5Q2hLd1ajBvuq+.1","action":"SyncServerConnectionManagerRequest", "result":"SYNC_SERVER_OK", "context":{"environment":"Prod_SoutheastAsia_000j", "migrationStage":"NotStarted", "server":"GENERAL0100000X"}}
{"logTime": "0918/093930", "correlationVector":"QomnM2ds5Q2hLd1ajBvuq+.2","action":"Commit Response", "result":"Success", "context":Result: Success. cV=QomnM2ds5Q2hLd1ajBvuq+.0;server=GENERAL0100000X;cloudType=Consumer;environment=Prod_SoutheastAsia_000j;migrationStage=NotStarted}
{"logTime": "0918/095008", "correlationVector":"KuLqpnasI3QZzkDbIqIhn9","action":"Commit Request", "result":"", "context":Item count: 1
Contributing types: Sessions}
{"logTime": "0918/095009", "correlationVector":"KuLqpnasI3QZzkDbIqIhn9.1","action":"SyncServerConnectionManagerRequest", "result":"SYNC_SERVER_OK", "context":{"environment":"Prod_SoutheastAsia_000j", "migrationStage":"NotStarted", "server":"GENERAL0300001L"}}
{"logTime": "0918/095009", "correlationVector":"KuLqpnasI3QZzkDbIqIhn9.2","action":"Commit Response", "result":"Success", "context":Result: Success. cV=KuLqpnasI3QZzkDbIqIhn9.0;server=GENERAL0300001L;cloudType=Consumer;environment=Prod_SoutheastAsia_000j;migrationStage=NotStarted}
{"logTime": "0918/095235", "correlationVector":"IfI58Vc+u5gW1WaJUZAdRg","action":"Commit Request", "result":"", "context":Item count: 1
Contributing types: Sessions}
{"logTime": "0918/095235", "correlationVector":"IfI58Vc+u5gW1WaJUZAdRg.1","action":"SyncServerConnectionManagerRequest", "result":"SYNC_SERVER_OK", "context":{"environment":"Prod_SoutheastAsia_000j", "migrationStage":"NotStarted", "server":"GENERAL0300001S"}}
{"logTime": "0918/095235", "correlationVector":"IfI58Vc+u5gW1WaJUZAdRg.2","action":"Commit Response", "result":"Success", "context":Result: Success. cV=IfI58Vc+u5gW1WaJUZAdRg.0;server=GENERAL0300001S;cloudType=Consumer;environment=Prod_SoutheastAsia_000j;migrationStage=NotStarted}
{"logTime": "0918/095313", "correlationVector":"FpL6HrITBRR6+0quPPpMd7","action":"Commit Request", "result":"", "context":Item count: 1
Contributing types: Sessions}
{"logTime": "0918/095314", "correlationVector":"FpL6HrITBRR6+0quPPpMd7.1","action":"SyncServerConnectionManagerRequest", "result":"SYNC_SERVER_OK", "context":{"environment":"Prod_SoutheastAsia_000j", "migrationStage":"NotStarted", "server":"GENERAL0100001D"}}
{"logTime": "0918/095314", "correlationVector":"FpL6HrITBRR6+0quPPpMd7.2","action":"Commit Response", "result":"Success", "context":Result: Success. cV=FpL6HrITBRR6+0quPPpMd7.0;server=GENERAL0100001D;cloudType=Consumer;environment=Prod_SoutheastAsia_000j;migrationStage=NotStarted}
{"logTime": "0918/095412", "correlationVector":"BT575sAq1z4gVtXnEZvMre","action":"Commit Request", "result":"", "context":Item count: 1
Contributing types: Sessions}
{"logTime": "0918/095413", "correlationVector":"BT575sAq1z4gVtXnEZvMre.1","action":"SyncServerConnectionManagerRequest", "result":"SYNC_SERVER_OK", "context":{"environment":"Prod_SoutheastAsia_000j", "migrationStage":"NotStarted", "server":"GENERAL0100000P"}}
{"logTime": "0918/095413", "correlationVector":"BT575sAq1z4gVtXnEZvMre.2","action":"Commit Response", "result":"Success", "context":Result: Success. cV=BT575sAq1z4gVtXnEZvMre.0;server=GENERAL0100000P;cloudType=Consumer;environment=Prod_SoutheastAsia_000j;migrationStage=NotStarted}
{"logTime": "0918/095443", "correlationVector":"VETyQDVMxNpcNo1uq12Eqs","action":"Commit Request", "result":"", "context":Item count: 1
Contributing types: Sessions}
{"logTime": "0918/095443", "correlationVector":"VETyQDVMxNpcNo1uq12Eqs.1","action":"SyncServerConnectionManagerRequest", "result":"SYNC_SERVER_OK", "context":{"environment":"Prod_SoutheastAsia_000j", "migrationStage":"NotStarted", "server":"GENERAL0300002O"}}
{"logTime": "0918/095443", "correlationVector":"VETyQDVMxNpcNo1uq12Eqs.2","action":"Commit Response", "result":"Success", "context":Result: Success. cV=VETyQDVMxNpcNo1uq12Eqs.0;server=GENERAL0300002O;cloudType=Consumer;environment=Prod_SoutheastAsia_000j;migrationStage=NotStarted}
{"logTime": "0918/100215", "correlationVector":"fzNBw/gigcNO+b9SeY7MEr","action":"Commit Request", "result":"", "context":Item count: 1
Contributing types: Sessions}
{"logTime": "0918/100216", "correlationVector":"fzNBw/gigcNO+b9SeY7MEr.1","action":"SyncServerConnectionManagerRequest", "result":"SYNC_SERVER_OK", "context":{"environment":"Prod_SoutheastAsia_000j", "migrationStage":"NotStarted", "server":"GENERAL0300001B"}}
{"logTime": "0918/100216", "correlationVector":"fzNBw/gigcNO+b9SeY7MEr.2","action":"Commit Response", "result":"Success", "context":Result: Success. cV=fzNBw/gigcNO+b9SeY7MEr.0;server=GENERAL0300001B;cloudType=Consumer;environment=Prod_SoutheastAsia_000j;migrationStage=NotStarted}
{"logTime": "0918/100410", "correlationVector":"TumOTd188nZ7Lc99HOXf78","action":"Commit Request", "result":"", "context":Item count: 1
Contributing types: Sessions}
{"logTime": "0918/100410", "correlationVector":"TumOTd188nZ7Lc99HOXf78.1","action":"SyncServerConnectionManagerRequest", "result":"SYNC_SERVER_OK", "context":{"environment":"Prod_SoutheastAsia_000j", "migrationStage":"NotStarted", "server":"GENERAL0300002S"}}
{"logTime": "0918/100410", "correlationVector":"TumOTd188nZ7Lc99HOXf78.2","action":"Commit Response", "result":"Success", "context":Result: Success. cV=TumOTd188nZ7Lc99HOXf78.0;server=GENERAL0300002S;cloudType=Consumer;environment=Prod_SoutheastAsia_000j;migrationStage=NotStarted}
{"logTime": "0918/101332", "correlationVector":"3uj7TMAuQreKXGb9qI4GGT","action":"Commit Request", "result":"", "context":Item count: 1
Contributing types: Sessions}
{"logTime": "0918/101333", "correlationVector":"3uj7TMAuQreKXGb9qI4GGT.1","action":"SyncServerConnectionManagerRequest", "result":"SYNC_SERVER_OK", "context":{"environment":"Prod_SoutheastAsia_000j", "migrationStage":"NotStarted", "server":"GENERAL0300002O"}}
{"logTime": "0918/101333", "correlationVector":"3uj7TMAuQreKXGb9qI4GGT.2","action":"Commit Response", "result":"Success", "context":Result: Success. cV=3uj7TMAuQreKXGb9qI4GGT.0;server=GENERAL0300002O;cloudType=Consumer;environment=Prod_SoutheastAsia_000j;migrationStage=NotStarted}
{"logTime": "0918/101450", "correlationVector":"aj092U6wdvChnLPrgtvsOn","action":"Commit Request", "result":"", "context":Item count: 1
Contributing types: Sessions}
{"logTime": "0918/101450", "correlationVector":"aj092U6wdvChnLPrgtvsOn.1","action":"SyncServerConnectionManagerRequest", "result":"SYNC_SERVER_OK", "context":{"environment":"Prod_SoutheastAsia_000j", "migrationStage":"NotStarted", "server":"GENERAL01000014"}}
{"logTime": "0918/101450", "correlationVector":"aj092U6wdvChnLPrgtvsOn.2","action":"Commit Response", "result":"Success", "context":Result: Success. cV=aj092U6wdvChnLPrgtvsOn.0;server=GENERAL01000014;cloudType=Consumer;environment=Prod_SoutheastAsia_000j;migrationStage=NotStarted}
{"logTime": "0918/101637", "correlationVector":"3kVhw5oo/7MK0j4qudn+t9","action":"Commit Request", "result":"", "context":Item count: 1
Contributing types: Sessions}
{"logTime": "0918/101638", "correlationVector":"3kVhw5oo/7MK0j4qudn+t9.1","action":"SyncServerConnectionManagerRequest", "result":"SYNC_SERVER_OK", "context":{"environment":"Prod_SoutheastAsia_000j", "migrationStage":"NotStarted", "server":"GENERAL0300002S"}}
{"logTime": "0918/101638", "correlationVector":"3kVhw5oo/7MK0j4qudn+t9.2","action":"Commit Response", "result":"Success", "context":Result: Success. cV=3kVhw5oo/7MK0j4qudn+t9.0;server=GENERAL0300002S;cloudType=Consumer;environment=Prod_SoutheastAsia_000j;migrationStage=NotStarted}
{"logTime": "0918/101723", "correlationVector":"GllLyvBOQ7hNXgPyU/8fVE","action":"Commit Request", "result":"", "context":Item count: 1
Contributing types: Sessions}
{"logTime": "0918/101724", "correlationVector":"GllLyvBOQ7hNXgPyU/8fVE.1","action":"SyncServerConnectionManagerRequest", "result":"SYNC_SERVER_OK", "context":{"environment":"Prod_SoutheastAsia_000j", "migrationStage":"NotStarted", "server":"GENERAL0100001A"}}
{"logTime": "0918/101724", "correlationVector":"GllLyvBOQ7hNXgPyU/8fVE.2","action":"Commit Response", "result":"Success", "context":Result: Success. cV=GllLyvBOQ7hNXgPyU/8fVE.0;server=GENERAL0100001A;cloudType=Consumer;environment=Prod_SoutheastAsia_000j;migrationStage=NotStarted}
{"logTime": "0918/102738", "correlationVector":"/McAOTI/35+2M8bcQUADa3","action":"Commit Request", "result":"", "context":Item count: 1
Contributing types: Sessions}
{"logTime": "0918/102738", "correlationVector":"/McAOTI/35+2M8bcQUADa3.1","action":"SyncServerConnectionManagerRequest", "result":"SYNC_SERVER_OK", "context":{"environment":"Prod_SoutheastAsia_000j", "migrationStage":"NotStarted", "server":"GENERAL0100000T"}}
{"logTime": "0918/102738", "correlationVector":"/McAOTI/35+2M8bcQUADa3.2","action":"Commit Response", "result":"Success", "context":Result: Success. cV=/McAOTI/35+2M8bcQUADa3.0;server=GENERAL0100000T;cloudType=Consumer;environment=Prod_SoutheastAsia_000j;migrationStage=NotStarted}
{"logTime": "0918/102935", "correlationVector":"wq9XxhPLM/SRJsBKsnjJRQ","action":"Commit Request", "result":"", "context":Item count: 1
Contributing types: Sessions}
{"logTime": "0918/102936", "correlationVector":"wq9XxhPLM/SRJsBKsnjJRQ.1","action":"SyncServerConnectionManagerRequest", "result":"SYNC_SERVER_OK", "context":{"environment":"Prod_SoutheastAsia_000j", "migrationStage":"NotStarted", "server":"GENERAL01000000"}}
{"logTime": "0918/102936", "correlationVector":"wq9XxhPLM/SRJsBKsnjJRQ.2","action":"Commit Response", "result":"Success", "context":Result: Success. cV=wq9XxhPLM/SRJsBKsnjJRQ.0;server=GENERAL01000000;cloudType=Consumer;environment=Prod_SoutheastAsia_000j;migrationStage=NotStarted}
{"logTime": "0918/103059", "correlationVector":"A8CkoanlP4q1btieZ/PKZe","action":"Commit Request", "result":"", "context":Item count: 1
Contributing types: Sessions}
{"logTime": "0918/103100", "correlationVector":"A8CkoanlP4q1btieZ/PKZe.1","action":"SyncServerConnectionManagerRequest", "result":"SYNC_SERVER_OK", "context":{"environment":"Prod_SoutheastAsia_000j", "migrationStage":"NotStarted", "server":"GENERAL0300000W"}}
{"logTime": "0918/103100", "correlationVector":"A8CkoanlP4q1btieZ/PKZe.2","action":"Commit Response", "result":"Success", "context":Result: Success. cV=A8CkoanlP4q1btieZ/PKZe.0;server=GENERAL0300000W;cloudType=Consumer;environment=Prod_SoutheastAsia_000j;migrationStage=NotStarted}
{"logTime": "0918/103230", "correlationVector":"LVXrd9FzfmkMMf2yd+Zuqb","action":"Commit Request", "result":"", "context":Item count: 1
Contributing types: Sessions}
{"logTime": "0918/103231", "correlationVector":"LVXrd9FzfmkMMf2yd+Zuqb.1","action":"SyncServerConnectionManagerRequest", "result":"SYNC_SERVER_OK", "context":{"environment":"Prod_SoutheastAsia_000j", "migrationStage":"NotStarted", "server":"GENERAL0300000D"}}
{"logTime": "0918/103231", "correlationVector":"LVXrd9FzfmkMMf2yd+Zuqb.2","action":"Commit Response", "result":"Success", "context":Result: Success. cV=LVXrd9FzfmkMMf2yd+Zuqb.0;server=GENERAL0300000D;cloudType=Consumer;environment=Prod_SoutheastAsia_000j;migrationStage=NotStarted}
{"logTime": "0918/103443", "correlationVector":"DJOqDZRWIpEYmC72xORTQA","action":"Commit Request", "result":"", "context":Item count: 1
Contributing types: Sessions}
{"logTime": "0918/103444", "correlationVector":"DJOqDZRWIpEYmC72xORTQA.1","action":"SyncServerConnectionManagerRequest", "result":"SYNC_SERVER_OK", "context":{"environment":"Prod_SoutheastAsia_000j", "migrationStage":"NotStarted", "server":"GENERAL0300000J"}}
{"logTime": "0918/103444", "correlationVector":"DJOqDZRWIpEYmC72xORTQA.2","action":"Commit Response", "result":"Success", "context":Result: Success. cV=DJOqDZRWIpEYmC72xORTQA.0;server=GENERAL0300000J;cloudType=Consumer;environment=Prod_SoutheastAsia_000j;migrationStage=NotStarted}
{"logTime": "0918/103626", "correlationVector":"u8aishSD6wr80B8k5JyJ8q","action":"Commit Request", "result":"", "context":Item count: 1
Contributing types: Sessions}
{"logTime": "0918/103627", "correlationVector":"u8aishSD6wr80B8k5JyJ8q.1","action":"SyncServerConnectionManagerRequest", "result":"SYNC_SERVER_OK", "context":{"environment":"Prod_SoutheastAsia_000j", "migrationStage":"NotStarted", "server":"GENERAL0300002E"}}
{"logTime": "0918/103627", "correlationVector":"u8aishSD6wr80B8k5JyJ8q.2","action":"Commit Response", "result":"Success", "context":Result: Success. cV=u8aishSD6wr80B8k5JyJ8q.0;server=GENERAL0300002E;cloudType=Consumer;environment=Prod_SoutheastAsia_000j;migrationStage=NotStarted}
{"logTime": "0918/103720", "correlationVector":"5BKSkV+EIOXArlT9OL94EI","action":"Commit Request", "result":"", "context":Item count: 1
Contributing types: Sessions}
{"logTime": "0918/103720", "correlationVector":"5BKSkV+EIOXArlT9OL94EI.1","action":"SyncServerConnectionManagerRequest", "result":"SYNC_SERVER_OK", "context":{"environment":"Prod_SoutheastAsia_000j", "migrationStage":"NotStarted", "server":"GENERAL03000015"}}
{"logTime": "0918/103720", "correlationVector":"5BKSkV+EIOXArlT9OL94EI.2","action":"Commit Response", "result":"Success", "context":Result: Success. cV=5BKSkV+EIOXArlT9OL94EI.0;server=GENERAL03000015;cloudType=Consumer;environment=Prod_SoutheastAsia_000j;migrationStage=NotStarted}
{"logTime": "0918/104006", "correlationVector":"PdIlmcgaFvvXXNC5eiGLJm","action":"Commit Request", "result":"", "context":Item count: 1
Contributing types: Sessions}
{"logTime": "0918/104007", "correlationVector":"PdIlmcgaFvvXXNC5eiGLJm.1","action":"SyncServerConnectionManagerRequest", "result":"SYNC_SERVER_OK", "context":{"environment":"Prod_SoutheastAsia_000j", "migrationStage":"NotStarted", "server":"GENERAL0300002S"}}
{"logTime": "0918/104007", "correlationVector":"PdIlmcgaFvvXXNC5eiGLJm.2","action":"Commit Response", "result":"Success", "context":Result: Success. cV=PdIlmcgaFvvXXNC5eiGLJm.0;server=GENERAL0300002S;cloudType=Consumer;environment=Prod_SoutheastAsia_000j;migrationStage=NotStarted}
{"logTime": "0918/104112", "correlationVector":"s8qnA5YCau7nyamPnLzyOq","action":"Commit Request", "result":"", "context":Item count: 1
Contributing types: Sessions}
{"logTime": "0918/104112", "correlationVector":"s8qnA5YCau7nyamPnLzyOq.1","action":"SyncServerConnectionManagerRequest", "result":"SYNC_SERVER_OK", "context":{"environment":"Prod_SoutheastAsia_000j", "migrationStage":"NotStarted", "server":"GENERAL0300002H"}}
{"logTime": "0918/104112", "correlationVector":"s8qnA5YCau7nyamPnLzyOq.2","action":"Commit Response", "result":"Success", "context":Result: Success. cV=s8qnA5YCau7nyamPnLzyOq.0;server=GENERAL0300002H;cloudType=Consumer;environment=Prod_SoutheastAsia_000j;migrationStage=NotStarted}
{"logTime": "0918/104149", "correlationVector":"DC9sWV7P81Su6Mn63Dx+xA","action":"Commit Request", "result":"", "context":Item count: 1
Contributing types: Sessions}
{"logTime": "0918/104149", "correlationVector":"DC9sWV7P81Su6Mn63Dx+xA.1","action":"SyncServerConnectionManagerRequest", "result":"SYNC_SERVER_OK", "context":{"environment":"Prod_SoutheastAsia_000j", "migrationStage":"NotStarted", "server":"GENERAL01000010"}}
{"logTime": "0918/104149", "correlationVector":"DC9sWV7P81Su6Mn63Dx+xA.2","action":"Commit Response", "result":"Success", "context":Result: Success. cV=DC9sWV7P81Su6Mn63Dx+xA.0;server=GENERAL01000010;cloudType=Consumer;environment=Prod_SoutheastAsia_000j;migrationStage=NotStarted}
{"logTime": "0918/104229", "correlationVector":"F4iO0oIAUGPXFikOCXbAoi","action":"Commit Request", "result":"", "context":Item count: 1
Contributing types: Sessions}
{"logTime": "0918/104229", "correlationVector":"F4iO0oIAUGPXFikOCXbAoi.1","action":"SyncServerConnectionManagerRequest", "result":"SYNC_SERVER_OK", "context":{"environment":"Prod_SoutheastAsia_000j", "migrationStage":"NotStarted", "server":"GENERAL03000009"}}
{"logTime": "0918/104229", "correlationVector":"F4iO0oIAUGPXFikOCXbAoi.2","action":"Commit Response", "result":"Success", "context":Result: Success. cV=F4iO0oIAUGPXFikOCXbAoi.0;server=GENERAL03000009;cloudType=Consumer;environment=Prod_SoutheastAsia_000j;migrationStage=NotStarted}
{"logTime": "0918/105732", "correlationVector":"OuoNhczg+ZCcJ75UkaFDR9","action":"Commit Request", "result":"", "context":Item count: 1
Contributing types: Sessions}
{"logTime": "0918/105733", "correlationVector":"OuoNhczg+ZCcJ75UkaFDR9.1","action":"SyncServerConnectionManagerRequest", "result":"SYNC_SERVER_OK", "context":{"environment":"Prod_SoutheastAsia_000j", "migrationStage":"NotStarted", "server":"GENERAL01000005"}}
{"logTime": "0918/105733", "correlationVector":"OuoNhczg+ZCcJ75UkaFDR9.2","action":"Commit Response", "result":"Success", "context":Result: Success. cV=OuoNhczg+ZCcJ75UkaFDR9.0;server=GENERAL01000005;cloudType=Consumer;environment=Prod_SoutheastAsia_000j;migrationStage=NotStarted}
{"logTime": "0918/105852", "correlationVector":"luOufVcsoPnWw7tTnIWxZN","action":"Commit Request", "result":"", "context":Item count: 1
Contributing types: Sessions}
{"logTime": "0918/105852", "correlationVector":"luOufVcsoPnWw7tTnIWxZN.1","action":"SyncServerConnectionManagerRequest", "result":"SYNC_SERVER_OK", "context":{"environment":"Prod_SoutheastAsia_000j", "migrationStage":"NotStarted", "server":"GENERAL03000016"}}
{"logTime": "0918/105852", "correlationVector":"luOufVcsoPnWw7tTnIWxZN.2","action":"Commit Response", "result":"Success", "context":Result: Success. cV=luOufVcsoPnWw7tTnIWxZN.0;server=GENERAL03000016;cloudType=Consumer;environment=Prod_SoutheastAsia_000j;migrationStage=NotStarted}
{"logTime": "0918/110212", "correlationVector":"TEVXWsnoEBYaKKEcDSV+Bz","action":"Commit Request", "result":"", "context":Item count: 1
Contributing types: Sessions}
{"logTime": "0918/110213", "correlationVector":"TEVXWsnoEBYaKKEcDSV+Bz.1","action":"SyncServerConnectionManagerRequest", "result":"SYNC_SERVER_OK", "context":{"environment":"Prod_SoutheastAsia_000j", "migrationStage":"NotStarted", "server":"GENERAL03000001"}}
{"logTime": "0918/110213", "correlationVector":"TEVXWsnoEBYaKKEcDSV+Bz.2","action":"Commit Response", "result":"Success", "context":Result: Success. cV=TEVXWsnoEBYaKKEcDSV+Bz.0;server=GENERAL03000001;cloudType=Consumer;environment=Prod_SoutheastAsia_000j;migrationStage=NotStarted}
{"logTime": "0918/110249", "correlationVector":"UcuYROxjG474ZC9Cy/qyTf","action":"Commit Request", "result":"", "context":Item count: 1
Contributing types: Sessions}
{"logTime": "0918/110249", "correlationVector":"UcuYROxjG474ZC9Cy/qyTf.1","action":"SyncServerConnectionManagerRequest", "result":"SYNC_SERVER_OK", "context":{"environment":"Prod_SoutheastAsia_000j", "migrationStage":"NotStarted", "server":"GENERAL0100001H"}}
{"logTime": "0918/110249", "correlationVector":"UcuYROxjG474ZC9Cy/qyTf.2","action":"Commit Response", "result":"Success", "context":Result: Success. cV=UcuYROxjG474ZC9Cy/qyTf.0;server=GENERAL0100001H;cloudType=Consumer;environment=Prod_SoutheastAsia_000j;migrationStage=NotStarted}
{"logTime": "0918/110350", "correlationVector":"YMQd5JZnFStmJ3cWoJN3Tm","action":"Commit Request", "result":"", "context":Item count: 1
Contributing types: Sessions}
{"logTime": "0918/110351", "correlationVector":"YMQd5JZnFStmJ3cWoJN3Tm.1","action":"SyncServerConnectionManagerRequest", "result":"SYNC_SERVER_OK", "context":{"environment":"Prod_SoutheastAsia_000j", "migrationStage":"NotStarted", "server":"GENERAL01000008"}}
{"logTime": "0918/110351", "correlationVector":"YMQd5JZnFStmJ3cWoJN3Tm.2","action":"Commit Response", "result":"Success", "context":Result: Success. cV=YMQd5JZnFStmJ3cWoJN3Tm.0;server=GENERAL01000008;cloudType=Consumer;environment=Prod_SoutheastAsia_000j;migrationStage=NotStarted}
{"logTime": "0918/110431", "correlationVector":"D1vD6iTjScBTFOY16lq/tz","action":"Commit Request", "result":"", "context":Item count: 1
Contributing types: Sessions}
{"logTime": "0918/110431", "correlationVector":"D1vD6iTjScBTFOY16lq/tz.1","action":"SyncServerConnectionManagerRequest", "result":"SYNC_SERVER_OK", "context":{"environment":"Prod_SoutheastAsia_000j", "migrationStage":"NotStarted", "server":"GENERAL01000007"}}
{"logTime": "0918/110431", "correlationVector":"D1vD6iTjScBTFOY16lq/tz.2","action":"Commit Response", "result":"Success", "context":Result: Success. cV=D1vD6iTjScBTFOY16lq/tz.0;server=GENERAL01000007;cloudType=Consumer;environment=Prod_SoutheastAsia_000j;migrationStage=NotStarted}
{"logTime": "0918/110723", "correlationVector":"61wjOct6XSypMdNODstUZh","action":"Commit Request", "result":"", "context":Item count: 1
Contributing types: Sessions}
{"logTime": "0918/110723", "correlationVector":"61wjOct6XSypMdNODstUZh.1","action":"SyncServerConnectionManagerRequest", "result":"SYNC_SERVER_OK", "context":{"environment":"Prod_SoutheastAsia_000j", "migrationStage":"NotStarted", "server":"GENERAL0300000D"}}
{"logTime": "0918/110723", "correlationVector":"61wjOct6XSypMdNODstUZh.2","action":"Commit Response", "result":"Success", "context":Result: Success. cV=61wjOct6XSypMdNODstUZh.0;server=GENERAL0300000D;cloudType=Consumer;environment=Prod_SoutheastAsia_000j;migrationStage=NotStarted}
{"logTime": "0918/110825", "correlationVector":"TgvtrSfb//yKzXuUCdVYdr","action":"Commit Request", "result":"", "context":Item count: 1
Contributing types: Sessions}
{"logTime": "0918/110826", "correlationVector":"TgvtrSfb//yKzXuUCdVYdr.1","action":"SyncServerConnectionManagerRequest", "result":"SYNC_SERVER_OK", "context":{"environment":"Prod_SoutheastAsia_000j", "migrationStage":"NotStarted", "server":"GENERAL0300001C"}}
{"logTime": "0918/110826", "correlationVector":"TgvtrSfb//yKzXuUCdVYdr.2","action":"Commit Response", "result":"Success", "context":Result: Success. cV=TgvtrSfb//yKzXuUCdVYdr.0;server=GENERAL0300001C;cloudType=Consumer;environment=Prod_SoutheastAsia_000j;migrationStage=NotStarted}
{"logTime": "0918/111019", "correlationVector":"AnD14KdnX/sls302k5TU2Z","action":"Commit Request", "result":"", "context":Item count: 1
Contributing types: Sessions}
{"logTime": "0918/111019", "correlationVector":"AnD14KdnX/sls302k5TU2Z.1","action":"SyncServerConnectionManagerRequest", "result":"SYNC_SERVER_OK", "context":{"environment":"Prod_SoutheastAsia_000j", "migrationStage":"NotStarted", "server":"GENERAL0100001A"}}
{"logTime": "0918/111019", "correlationVector":"AnD14KdnX/sls302k5TU2Z.2","action":"Commit Response", "result":"Success", "context":Result: Success. cV=AnD14KdnX/sls302k5TU2Z.0;server=GENERAL0100001A;cloudType=Consumer;environment=Prod_SoutheastAsia_000j;migrationStage=NotStarted}
{"logTime": "0918/111111", "correlationVector":"6WmhOk8qngfZQWWr5kbmGt","action":"Commit Request", "result":"", "context":Item count: 1
Contributing types: Sessions}
{"logTime": "0918/111111", "correlationVector":"6WmhOk8qngfZQWWr5kbmGt.1","action":"SyncServerConnectionManagerRequest", "result":"SYNC_SERVER_OK", "context":{"environment":"Prod_SoutheastAsia_000j", "migrationStage":"NotStarted", "server":"GENERAL0100001C"}}
{"logTime": "0918/111111", "correlationVector":"6WmhOk8qngfZQWWr5kbmGt.2","action":"Commit Response", "result":"Success", "context":Result: Success. cV=6WmhOk8qngfZQWWr5kbmGt.0;server=GENERAL0100001C;cloudType=Consumer;environment=Prod_SoutheastAsia_000j;migrationStage=NotStarted}
{"logTime": "0918/111644", "correlationVector":"kWjHKzQjf7Z37vrmNo/5S4","action":"Commit Request", "result":"", "context":Item count: 1
Contributing types: Sessions}
{"logTime": "0918/111645", "correlationVector":"kWjHKzQjf7Z37vrmNo/5S4.1","action":"SyncServerConnectionManagerRequest", "result":"SYNC_SERVER_OK", "context":{"environment":"Prod_SoutheastAsia_000j", "migrationStage":"NotStarted", "server":"GENERAL01000004"}}
{"logTime": "0918/111645", "correlationVector":"kWjHKzQjf7Z37vrmNo/5S4.2","action":"Commit Response", "result":"Success", "context":Result: Success. cV=kWjHKzQjf7Z37vrmNo/5S4.0;server=GENERAL01000004;cloudType=Consumer;environment=Prod_SoutheastAsia_000j;migrationStage=NotStarted}
{"logTime": "0918/111911", "correlationVector":"26dw+MQI7vMkqGuojvhBlt","action":"Commit Request", "result":"", "context":Item count: 1
Contributing types: Sessions}
{"logTime": "0918/111912", "correlationVector":"26dw+MQI7vMkqGuojvhBlt.1","action":"SyncServerConnectionManagerRequest", "result":"SYNC_SERVER_OK", "context":{"environment":"Prod_SoutheastAsia_000j", "migrationStage":"NotStarted", "server":"GENERAL0100000P"}}
{"logTime": "0918/111912", "correlationVector":"26dw+MQI7vMkqGuojvhBlt.2","action":"Commit Response", "result":"Success", "context":Result: Success. cV=26dw+MQI7vMkqGuojvhBlt.0;server=GENERAL0100000P;cloudType=Consumer;environment=Prod_SoutheastAsia_000j;migrationStage=NotStarted}
{"logTime": "0918/112010", "correlationVector":"tkcq9JbUrEGUfFAcXMZNyS","action":"Commit Request", "result":"", "context":Item count: 1
Contributing types: Sessions}
{"logTime": "0918/112011", "correlationVector":"tkcq9JbUrEGUfFAcXMZNyS.1","action":"SyncServerConnectionManagerRequest", "result":"SYNC_SERVER_OK", "context":{"environment":"Prod_SoutheastAsia_000j", "migrationStage":"NotStarted", "server":"GENERAL0300002O"}}
{"logTime": "0918/112011", "correlationVector":"tkcq9JbUrEGUfFAcXMZNyS.2","action":"Commit Response", "result":"Success", "context":Result: Success. cV=tkcq9JbUrEGUfFAcXMZNyS.0;server=GENERAL0300002O;cloudType=Consumer;environment=Prod_SoutheastAsia_000j;migrationStage=NotStarted}
{"logTime": "0918/112316", "correlationVector":"2z+3OnT5k5LiDHAPKIY78i","action":"Commit Request", "result":"", "context":Item count: 1
Contributing types: Sessions}
{"logTime": "0918/112316", "correlationVector":"2z+3OnT5k5LiDHAPKIY78i.1","action":"SyncServerConnectionManagerRequest", "result":"SYNC_SERVER_OK", "context":{"environment":"Prod_SoutheastAsia_000j", "migrationStage":"NotStarted", "server":"GENERAL0300001Y"}}
{"logTime": "0918/112316", "correlationVector":"2z+3OnT5k5LiDHAPKIY78i.2","action":"Commit Response", "result":"Success", "context":Result: Success. cV=2z+3OnT5k5LiDHAPKIY78i.0;server=GENERAL0300001Y;cloudType=Consumer;environment=Prod_SoutheastAsia_000j;migrationStage=NotStarted}
{"logTime": "0918/112354", "correlationVector":"UOeSoYMOxvfxT39NRtlFHO","action":"Commit Request", "result":"", "context":Item count: 1
Contributing types: Sessions}
{"logTime": "0918/112354", "correlationVector":"UOeSoYMOxvfxT39NRtlFHO","action":"SyncServerConnectionManagerRequest", "result":"CONNECTION_UNAVAILABLE", "context":{"error_type":"net_error_code", "error_value":"-15"}}
{"logTime": "0918/112354", "correlationVector":"MGKgse/D8o34NDWz3Y+TcQ.0","action":"Commit Response", "result":"Network error (ERR_SOCKET_NOT_CONNECTED)", "context":Result: Network error (ERR_SOCKET_NOT_CONNECTED). }
{"logTime": "0918/112509", "correlationVector":"/jTCEZOsbI+TQLSDbGsvlU","action":"Commit Request", "result":"", "context":Item count: 1
Contributing types: Sessions}
{"logTime": "0918/112509", "correlationVector":"/jTCEZOsbI+TQLSDbGsvlU.1","action":"SyncServerConnectionManagerRequest", "result":"SYNC_SERVER_OK", "context":{"environment":"Prod_SoutheastAsia_000j", "migrationStage":"NotStarted", "server":"GENERAL0100001G"}}
{"logTime": "0918/112509", "correlationVector":"/jTCEZOsbI+TQLSDbGsvlU.2","action":"Commit Response", "result":"Success", "context":Result: Success. cV=/jTCEZOsbI+TQLSDbGsvlU.0;server=GENERAL0100001G;cloudType=Consumer;environment=Prod_SoutheastAsia_000j;migrationStage=NotStarted}
{"logTime": "0918/112716", "correlationVector":"6r15PbJGgthp8pFN5+58Su","action":"Commit Request", "result":"", "context":Item count: 1
Contributing types: Sessions}
{"logTime": "0918/112717", "correlationVector":"6r15PbJGgthp8pFN5+58Su.1","action":"SyncServerConnectionManagerRequest", "result":"SYNC_SERVER_OK", "context":{"environment":"Prod_SoutheastAsia_000j", "migrationStage":"NotStarted", "server":"GENERAL0100001A"}}
{"logTime": "0918/112717", "correlationVector":"6r15PbJGgthp8pFN5+58Su.2","action":"Commit Response", "result":"Success", "context":Result: Success. cV=6r15PbJGgthp8pFN5+58Su.0;server=GENERAL0100001A;cloudType=Consumer;environment=Prod_SoutheastAsia_000j;migrationStage=NotStarted}
{"logTime": "0918/112843", "correlationVector":"1vEcrmkHgank+ytH5MHIto","action":"Commit Request", "result":"", "context":Item count: 1
Contributing types: Sessions}
{"logTime": "0918/112844", "correlationVector":"1vEcrmkHgank+ytH5MHIto.1","action":"SyncServerConnectionManagerRequest", "result":"SYNC_SERVER_OK", "context":{"environment":"Prod_SoutheastAsia_000j", "migrationStage":"NotStarted", "server":"GENERAL01000019"}}
{"logTime": "0918/112844", "correlationVector":"1vEcrmkHgank+ytH5MHIto.2","action":"Commit Response", "result":"Success", "context":Result: Success. cV=1vEcrmkHgank+ytH5MHIto.0;server=GENERAL01000019;cloudType=Consumer;environment=Prod_SoutheastAsia_000j;migrationStage=NotStarted}
{"logTime": "0918/113152", "correlationVector":"wEMoxqb4G3kp8PDMnIIWLE.1","action":"SyncServerConnectionManagerRequest", "result":"SYNC_SERVER_OK", "context":{"environment":"Prod_SoutheastAsia_000j", "migrationStage":"NotStarted", "server":"GENERAL03000001"}}
{"logTime": "0918/113152", "correlationVector":"ZlUzYTkEnx7orUoTP3rCzQ","action":"SyncServerConnectionManagerRequest", "result":"SYNC_SERVER_OK", "context":{"environment":"", "migrationStage":"", "server":""}}
{"logTime": "0918/113152", "correlationVector":"wEMoxqb4G3kp8PDMnIIWLE","action":"Initial GetUpdates", "result":"", "context":Reason: NEW_CLIENT. cV=wEMoxqb4G3kp8PDMnIIWLE}
{"logTime": "0918/113152", "correlationVector":"wEMoxqb4G3kp8PDMnIIWLE.2","action":"GetUpdates Response", "result":"Success", "context":Received 1 update(s). cV=wEMoxqb4G3kp8PDMnIIWLE.0;server=GENERAL03000001;cloudType=Consumer;environment=Prod_SoutheastAsia_000j;migrationStage=NotStarted}
{"logTime": "0918/113152", "correlationVector":"TC9RMyhvJVMUNwldn6xItv","action":"Initial GetUpdates", "result":"", "context":Reason: NEWLY_SUPPORTED_DATATYPE. cV=TC9RMyhvJVMUNwldn6xItv}
{"logTime": "0918/113153", "correlationVector":"TC9RMyhvJVMUNwldn6xItv.1","action":"SyncServerConnectionManagerRequest", "result":"SYNC_SERVER_OK", "context":{"environment":"Prod_SoutheastAsia_000j", "migrationStage":"NotStarted", "server":"GENERAL0300001L"}}
{"logTime": "0918/113153", "correlationVector":"TC9RMyhvJVMUNwldn6xItv.2","action":"GetUpdates Response", "result":"Success", "context":Received 5 update(s). cV=TC9RMyhvJVMUNwldn6xItv.0;server=GENERAL0300001L;cloudType=Consumer;environment=Prod_SoutheastAsia_000j;migrationStage=NotStarted}
{"logTime": "0918/113153", "correlationVector":"hqfVjRt4SUS3pe3znNG8bS","action":"Normal GetUpdate request", "result":"", "context":cV=hqfVjRt4SUS3pe3znNG8bS
Nudged types: Sessions
Refresh requested types: Bookmarks, Preferences, Passwords, Autofill Profiles, Autofill, Typed URLs, Extensions, Sessions, Extension settings, History Delete Directives, Device Info, User Consents, Send Tab To Self, Web Apps, Collection, Edge E Drop, Edge Hub App Usage, Edge Tab Group, Edge Wallet, Encryption Keys}
{"logTime": "0918/113154", "correlationVector":"hqfVjRt4SUS3pe3znNG8bS.1","action":"SyncServerConnectionManagerRequest", "result":"SYNC_SERVER_OK", "context":{"environment":"Prod_SoutheastAsia_000j", "migrationStage":"NotStarted", "server":"GENERAL03000001"}}
{"logTime": "0918/113154", "correlationVector":"hqfVjRt4SUS3pe3znNG8bS.2","action":"GetUpdates Response", "result":"Success", "context":Received 1 update(s). cV=hqfVjRt4SUS3pe3znNG8bS.0;server=GENERAL03000001;cloudType=Consumer;environment=Prod_SoutheastAsia_000j;migrationStage=NotStarted}
{"logTime": "0918/113155", "correlationVector":"kkHdOToJQSMzilkZ/p7YTj","action":"Commit Request", "result":"", "context":Item count: 3
Contributing types: Sessions}
{"logTime": "0918/113155", "correlationVector":"kkHdOToJQSMzilkZ/p7YTj.1","action":"SyncServerConnectionManagerRequest", "result":"SYNC_SERVER_OK", "context":{"environment":"Prod_SoutheastAsia_000j", "migrationStage":"NotStarted", "server":"GENERAL0300001Y"}}
{"logTime": "0918/113155", "correlationVector":"kkHdOToJQSMzilkZ/p7YTj.2","action":"Commit Response", "result":"Success", "context":Result: Success. cV=kkHdOToJQSMzilkZ/p7YTj.0;server=GENERAL0300001Y;cloudType=Consumer;environment=Prod_SoutheastAsia_000j;migrationStage=NotStarted}
{"logTime": "0918/113225", "correlationVector":"3fCzvNG1L0RDe1AgHtAWUX","action":"Normal GetUpdate request", "result":"", "context":cV=3fCzvNG1L0RDe1AgHtAWUX
Nudged types: Sessions}
{"logTime": "0918/113226", "correlationVector":"3fCzvNG1L0RDe1AgHtAWUX.1","action":"SyncServerConnectionManagerRequest", "result":"SYNC_SERVER_OK", "context":{"environment":"Prod_SoutheastAsia_000j", "migrationStage":"NotStarted", "server":"GENERAL0100000F"}}
{"logTime": "0918/113226", "correlationVector":"3fCzvNG1L0RDe1AgHtAWUX.2","action":"GetUpdates Response", "result":"Success", "context":Received 3 update(s). cV=3fCzvNG1L0RDe1AgHtAWUX.0;server=GENERAL0100000F;cloudType=Consumer;environment=Prod_SoutheastAsia_000j;migrationStage=NotStarted}
{"logTime": "0918/113226", "correlationVector":"TXwsiWwSyIN64/Tx5/WXoO","action":"Commit Request", "result":"", "context":Item count: 2
Contributing types: Sessions}
{"logTime": "0918/113227", "correlationVector":"TXwsiWwSyIN64/Tx5/WXoO.1","action":"SyncServerConnectionManagerRequest", "result":"SYNC_SERVER_OK", "context":{"environment":"Prod_SoutheastAsia_000j", "migrationStage":"NotStarted", "server":"GENERAL0100000L"}}
{"logTime": "0918/113227", "correlationVector":"TXwsiWwSyIN64/Tx5/WXoO.3","action":"Commit.Sessions", "result":"Success", "context":{"id":"3154aa16-107b-4821-ad91-8e0dcc1dbd06", "isDeleted":"true", "size":"0", "version":"1726659115782"}}
{"logTime": "0918/113227", "correlationVector":"TXwsiWwSyIN64/Tx5/WXoO.2","action":"Commit Response", "result":"Success", "context":Result: Success. cV=TXwsiWwSyIN64/Tx5/WXoO.0;server=GENERAL0100000L;cloudType=Consumer;environment=Prod_SoutheastAsia_000j;migrationStage=NotStarted}
{"logTime": "0918/113335", "correlationVector":"VduME1yYxubiEp6ggVKjQw","action":"Commit Request", "result":"", "context":Item count: 1
Contributing types: Sessions}
{"logTime": "0918/113336", "correlationVector":"VduME1yYxubiEp6ggVKjQw.1","action":"SyncServerConnectionManagerRequest", "result":"SYNC_SERVER_OK", "context":{"environment":"Prod_SoutheastAsia_000j", "migrationStage":"NotStarted", "server":"GENERAL03000001"}}
{"logTime": "0918/113336", "correlationVector":"VduME1yYxubiEp6ggVKjQw.2","action":"Commit Response", "result":"Success", "context":Result: Success. cV=VduME1yYxubiEp6ggVKjQw.0;server=GENERAL03000001;cloudType=Consumer;environment=Prod_SoutheastAsia_000j;migrationStage=NotStarted}
{"logTime": "0918/113647", "correlationVector":"aZDxGrhyOKlOHKe2hgqbVf","action":"Normal GetUpdate request", "result":"", "context":cV=aZDxGrhyOKlOHKe2hgqbVf
Refresh requested types: Bookmarks, Preferences, Passwords, Autofill Profiles, Autofill, Typed URLs, Extensions, Sessions, Extension settings, History Delete Directives, Device Info, User Consents, Send Tab To Self, Web Apps, Collection, Edge E Drop, Edge Hub App Usage, Edge Tab Group, Edge Wallet, Encryption Keys}
{"logTime": "0918/113648", "correlationVector":"aZDxGrhyOKlOHKe2hgqbVf.1","action":"SyncServerConnectionManagerRequest", "result":"SYNC_SERVER_OK", "context":{"environment":"Prod_SoutheastAsia_000j", "migrationStage":"NotStarted", "server":"GENERAL0100001A"}}
{"logTime": "0918/113648", "correlationVector":"aZDxGrhyOKlOHKe2hgqbVf.2","action":"GetUpdates", "result":"DeleteReceived", "context":{"id":"3154aa16-107b-4821-ad91-8e0dcc1dbd06", "isDeleted:":"true", "version":"1726659147189"}}
{"logTime": "0918/113648", "correlationVector":"aZDxGrhyOKlOHKe2hgqbVf.3","action":"GetUpdates Response", "result":"Success", "context":Received 2 update(s). cV=aZDxGrhyOKlOHKe2hgqbVf.0;server=GENERAL0100001A;cloudType=Consumer;environment=Prod_SoutheastAsia_000j;migrationStage=NotStarted}
