#
# There is insufficient memory for the Java Runtime Environment to continue.
# Native memory allocation (mmap) failed to map 134217728 bytes for Failed to commit area from 0x0000000081800000 to 0x0000000089800000 of length 134217728.
# Possible reasons:
#   The system is out of physical RAM or swap space
#   The process is running with CompressedOops enabled, and the Java Heap may be blocking the growth of the native heap
# Possible solutions:
#   Reduce memory load on the system
#   Increase physical memory or swap space
#   Check if swap backing store is full
#   Decrease Java heap size (-Xmx/-Xms)
#   Decrease number of Java threads
#   Decrease Java thread stack sizes (-Xss)
#   Set larger code cache with -XX:ReservedCodeCacheSize=
# This output file may be truncated or incomplete.
#
#  Out of Memory Error (src/hotspot/os/windows/os_windows.cpp:3627), pid=7960, tid=3216
#
# JRE version:  (11.0.15) (build )
# Java VM: OpenJDK 64-Bit Server VM (11.0.15+0-b2043.56-9505619, mixed mode, sharing, tiered, compressed oops, g1 gc, windows-amd64)
# No core dump will be written. Minidumps are not enabled by default on client versions of Windows
#

---------------  S U M M A R Y ------------

Command Line: -Dorg.gradle.appname=gradlew org.gradle.wrapper.GradleWrapperMain -q -Ptarget-platform=android-arm64 -Ptarget=C:\Users\dipuc\OneDrive\Desktop\Baganbilash Up\lib\main.dart -Pbase-application-name=android.app.Application -Pdart-defines=RkxVVFRFUl9XRUJfQVVUT19ERVRFQ1Q9dHJ1ZQ==,RkxVVFRFUl9XRUJfQ0FOVkFTS0lUX1VSTD1odHRwczovL3d3dy5nc3RhdGljLmNvbS9mbHV0dGVyLWNhbnZhc2tpdC8wNDgxN2M5OWM5ZmQ0OTU2ZjI3NTA1MjA0ZjdlMzQ0MzM1ODEwYWVkLw== -Pdart-obfuscation=false -Ptrack-widget-creation=true -Ptree-shake-icons=false -Pfilesystem-scheme=org-dartlang-root assembleDebug

Host: Intel(R) Core(TM) i3-6100U CPU @ 2.30GHz, 4 cores, 7G,  Windows 11 , 64 bit Build 22621 (10.0.22621.3085)
Time: Sat Mar  2 00:19:41 2024 Bangladesh Standard Time elapsed time: 0.121737 seconds (0d 0h 0m 0s)

---------------  T H R E A D  ---------------

Current thread (0x00000264166c6000):  JavaThread "Unknown thread" [_thread_in_vm, id=3216, stack(0x000000a186200000,0x000000a186300000)]

Stack: [0x000000a186200000,0x000000a186300000]
Native frames: (J=compiled Java code, j=interpreted, Vv=VM code, C=native code)
V  [jvm.dll+0x64135a]
V  [jvm.dll+0x7d39f9]
V  [jvm.dll+0x7d51b9]
V  [jvm.dll+0x7d58a3]
V  [jvm.dll+0x2691c5]
V  [jvm.dll+0x63e4e9]
V  [jvm.dll+0x632985]
V  [jvm.dll+0x3231ac]
V  [jvm.dll+0x323032]
V  [jvm.dll+0x327c06]
V  [jvm.dll+0x36ffa2]
V  [jvm.dll+0x36fa01]
V  [jvm.dll+0x2fea28]
V  [jvm.dll+0x2ffb25]
V  [jvm.dll+0x7accd7]
V  [jvm.dll+0x7ae49f]
V  [jvm.dll+0x37d299]
V  [jvm.dll+0x78ef9f]
V  [jvm.dll+0x3ec847]
V  [jvm.dll+0x3eed31]
C  [jli.dll+0x52cb]
C  [ucrtbase.dll+0x29363]
C  [KERNEL32.DLL+0x1257d]
C  [ntdll.dll+0x5aa58]


---------------  P R O C E S S  ---------------

Threads class SMR info:
_java_thread_list=0x00000264145925d0, length=0, elements={
}

Java Threads: ( => current thread )

Other Threads:
  0x00000264166e0800 GCTaskThread "GC Thread#0" [stack: 0x000000a186300000,0x000000a186400000] [id=2760]
  0x0000026416711800 ConcurrentGCThread "G1 Main Marker" [stack: 0x000000a186400000,0x000000a186500000] [id=1996]
  0x0000026416714000 ConcurrentGCThread "G1 Conc#0" [stack: 0x000000a186500000,0x000000a186600000] [id=7496]

[error occurred during error reporting (printing all threads), id 0xc0000005, EXCEPTION_ACCESS_VIOLATION (0xc0000005) at pc=0x00007ffa4b74f3e7]

VM state:not at safepoint (not fully initialized)

VM Mutex/Monitor currently owned by a thread:  ([mutex/lock_event])
[0x00000264166c5df0] Heap_lock - owner thread: 0x00000264166c6000

Heap address: 0x0000000081800000, size: 2024 MB, Compressed Oops mode: Non-zero based: 0x0000000081800000
Narrow klass base: 0x0000000000000000, Narrow klass shift: 0

GC Heap History (0 events):
No events

Deoptimization events (0 events):
No events

Classes redefined (0 events):
No events

Internal exceptions (0 events):
No events

Events (1 events):
Event: 0.018 Loaded shared library C:\Program Files\Android\Android Studio\jbr\bin\zip.dll


Dynamic libraries:
0x00007ff702c50000 - 0x00007ff702c5a000 	C:\Program Files\Android\Android Studio\jbr\bin\java.exe
0x00007ffaaac90000 - 0x00007ffaaaea7000 	C:\Windows\SYSTEM32\ntdll.dll
0x00007ffaaa630000 - 0x00007ffaaa6f4000 	C:\Windows\System32\KERNEL32.DLL
0x00007ffaa7fd0000 - 0x00007ffaa8376000 	C:\Windows\System32\KERNELBASE.dll
0x00007ffaa8730000 - 0x00007ffaa8841000 	C:\Windows\System32\ucrtbase.dll
0x00007ffa94810000 - 0x00007ffa94827000 	C:\Program Files\Android\Android Studio\jbr\bin\jli.dll
0x00007ffa8d7d0000 - 0x00007ffa8d7eb000 	C:\Program Files\Android\Android Studio\jbr\bin\VCRUNTIME140.dll
0x00007ffaa9be0000 - 0x00007ffaa9d8e000 	C:\Windows\System32\USER32.dll
0x00007ffaa8380000 - 0x00007ffaa83a6000 	C:\Windows\System32\win32u.dll
0x00007ffaaac20000 - 0x00007ffaaac49000 	C:\Windows\System32\GDI32.dll
0x00007ffa96690000 - 0x00007ffa96923000 	C:\Windows\WinSxS\amd64_microsoft.windows.common-controls_6595b64144ccf1df_6.0.22621.2506_none_270c5ae97388e100\COMCTL32.dll
0x00007ffaa88c0000 - 0x00007ffaa89d8000 	C:\Windows\System32\gdi32full.dll
0x00007ffaa9fd0000 - 0x00007ffaaa077000 	C:\Windows\System32\msvcrt.dll
0x00007ffaa8690000 - 0x00007ffaa872a000 	C:\Windows\System32\msvcp_win.dll
0x00007ffaaa9e0000 - 0x00007ffaaaa11000 	C:\Windows\System32\IMM32.DLL
0x00007ffaa5600000 - 0x00007ffaa560c000 	C:\Program Files\Android\Android Studio\jbr\bin\vcruntime140_1.dll
0x00007ffa7c120000 - 0x00007ffa7c1ad000 	C:\Program Files\Android\Android Studio\jbr\bin\msvcp140.dll
0x00007ffa4b440000 - 0x00007ffa4bffc000 	C:\Program Files\Android\Android Studio\jbr\bin\server\jvm.dll
0x00007ffaa9f10000 - 0x00007ffaa9fc3000 	C:\Windows\System32\ADVAPI32.dll
0x00007ffaa9100000 - 0x00007ffaa91a8000 	C:\Windows\System32\sechost.dll
0x00007ffaa8470000 - 0x00007ffaa8498000 	C:\Windows\System32\bcrypt.dll
0x00007ffaaa710000 - 0x00007ffaaa827000 	C:\Windows\System32\RPCRT4.dll
0x00007ffaaabc0000 - 0x00007ffaaabc8000 	C:\Windows\System32\PSAPI.DLL
0x00007ffaa0c50000 - 0x00007ffaa0c84000 	C:\Windows\SYSTEM32\WINMM.dll
0x00007ffaa2d40000 - 0x00007ffaa2d49000 	C:\Windows\SYSTEM32\WSOCK32.dll
0x00007ffaa9e90000 - 0x00007ffaa9f01000 	C:\Windows\System32\WS2_32.dll
0x00007ffaa5ce0000 - 0x00007ffaa5cea000 	C:\Windows\SYSTEM32\VERSION.dll
0x00007ffaa7010000 - 0x00007ffaa7028000 	C:\Windows\SYSTEM32\kernel.appcore.dll
0x00007ffaa2c00000 - 0x00007ffaa2c10000 	C:\Program Files\Android\Android Studio\jbr\bin\verify.dll
0x00007ffaa4c80000 - 0x00007ffaa4eb3000 	C:\Windows\SYSTEM32\DBGHELP.DLL
0x00007ffaaa2a0000 - 0x00007ffaaa629000 	C:\Windows\System32\combase.dll
0x00007ffaaaa20000 - 0x00007ffaaaaf7000 	C:\Windows\System32\OLEAUT32.dll
0x00007ffa91930000 - 0x00007ffa91962000 	C:\Windows\SYSTEM32\dbgcore.DLL
0x00007ffaa84a0000 - 0x00007ffaa851a000 	C:\Windows\System32\bcryptPrimitives.dll
0x00007ffa8d390000 - 0x00007ffa8d3b8000 	C:\Program Files\Android\Android Studio\jbr\bin\java.dll
0x00007ffaa2460000 - 0x00007ffaa246a000 	C:\Program Files\Android\Android Studio\jbr\bin\jimage.dll
0x00007ffa8d7b0000 - 0x00007ffa8d7c8000 	C:\Program Files\Android\Android Studio\jbr\bin\zip.dll

dbghelp: loaded successfully - version: 4.0.5 - missing functions: none
symbol engine: initialized successfully - sym options: 0x614 - pdb path: .;C:\Program Files\Android\Android Studio\jbr\bin;C:\Windows\SYSTEM32;C:\Windows\WinSxS\amd64_microsoft.windows.common-controls_6595b64144ccf1df_6.0.22621.2506_none_270c5ae97388e100;C:\Program Files\Android\Android Studio\jbr\bin\server

VM Arguments:
jvm_args: -Dorg.gradle.appname=gradlew 
java_command: org.gradle.wrapper.GradleWrapperMain -q -Ptarget-platform=android-arm64 -Ptarget=C:\Users\dipuc\OneDrive\Desktop\Baganbilash Up\lib\main.dart -Pbase-application-name=android.app.Application -Pdart-defines=RkxVVFRFUl9XRUJfQVVUT19ERVRFQ1Q9dHJ1ZQ==,RkxVVFRFUl9XRUJfQ0FOVkFTS0lUX1VSTD1odHRwczovL3d3dy5nc3RhdGljLmNvbS9mbHV0dGVyLWNhbnZhc2tpdC8wNDgxN2M5OWM5ZmQ0OTU2ZjI3NTA1MjA0ZjdlMzQ0MzM1ODEwYWVkLw== -Pdart-obfuscation=false -Ptrack-widget-creation=true -Ptree-shake-icons=false -Pfilesystem-scheme=org-dartlang-root assembleDebug
java_class_path (initial): C:\Users\dipuc\OneDrive\Desktop\Baganbilash Up\android\\gradle\wrapper\gradle-wrapper.jar
Launcher Type: SUN_STANDARD

[Global flags]
     intx CICompilerCount                          = 3                                         {product} {ergonomic}
     uint ConcGCThreads                            = 1                                         {product} {ergonomic}
     uint G1ConcRefinementThreads                  = 4                                         {product} {ergonomic}
   size_t G1HeapRegionSize                         = 1048576                                   {product} {ergonomic}
    uintx GCDrainStackTargetSize                   = 64                                        {product} {ergonomic}
   size_t InitialHeapSize                          = 134217728                                 {product} {ergonomic}
   size_t MarkStackSize                            = 4194304                                   {product} {ergonomic}
   size_t MaxHeapSize                              = 2122317824                                {product} {ergonomic}
   size_t MinHeapDeltaBytes                        = 1048576                                   {product} {ergonomic}
    uintx NonNMethodCodeHeapSize                   = 5830732                                {pd product} {ergonomic}
    uintx NonProfiledCodeHeapSize                  = 122913754                              {pd product} {ergonomic}
    uintx ProfiledCodeHeapSize                     = 122913754                              {pd product} {ergonomic}
    uintx ReservedCodeCacheSize                    = 251658240                              {pd product} {ergonomic}
     bool SegmentedCodeCache                       = true                                      {product} {ergonomic}
     bool UseCompressedClassPointers               = true                                 {lp64_product} {ergonomic}
     bool UseCompressedOops                        = true                                 {lp64_product} {ergonomic}
     bool UseG1GC                                  = true                                      {product} {ergonomic}
     bool UseLargePagesIndividualAllocation        = false                                  {pd product} {ergonomic}

Logging:
Log output configuration:
 #0: stdout all=warning uptime,level,tags
 #1: stderr all=off uptime,level,tags

Environment Variables:
JAVA_HOME=C:\Program Files\Android\Android Studio\jbr
CLASSPATH=C:\Users\dipuc\OneDrive\Desktop\Baganbilash Up\android\\gradle\wrapper\gradle-wrapper.jar
PATH=C:\Program Files\Android\Android Studio\jbr\bin;C:\src\flutter\bin\;C:\Windows\system32;C:\Windows;C:\Windows\System32\Wbem;C:\Windows\System32\WindowsPowerShell\v1.0\;C:\Windows\System32\OpenSSH\;C:\Program Files\Git\cmd;C:\Program Files\Java\jdk-21\bin;C:\src\flutter\bin;C:\Users\dipuc\AppData\Local\Microsoft\WindowsApps;C:\Program Files\Git\cmd;C:\src\flutter\bin;C:\Program Files\Java\jdk-21\bin;C:\Users\dipuc\AppData\Local\Programs\Microsoft VS Code\bin;;C:\src\flutter\bin\mingit\cmd
USERNAME=dipuc
LANG=en_US.UTF-8
OS=Windows_NT
PROCESSOR_IDENTIFIER=Intel64 Family 6 Model 78 Stepping 3, GenuineIntel



---------------  S Y S T E M  ---------------

OS: Windows 11 , 64 bit Build 22621 (10.0.22621.3085)
OS uptime: 0 days 5:37 hours

CPU:total 4 (initial active 4) (2 cores per cpu, 2 threads per core) family 6 model 78 stepping 3 microcode 0xd6, cmov, cx8, fxsr, mmx, sse, sse2, sse3, ssse3, sse4.1, sse4.2, popcnt, avx, avx2, aes, clmul, erms, rtm, 3dnowpref, lzcnt, ht, tsc, tscinvbit, bmi1, bmi2, adx, fma

Memory: 4k page, system-wide physical 8090M (1168M free)
TotalPageFile size 10047M (AvailPageFile size 130M)
current process WorkingSet (physical memory assigned to process): 10M, peak: 10M
current process commit charge ("private bytes"): 51M, peak: 179M

vm_info: OpenJDK 64-Bit Server VM (11.0.15+0-b2043.56-9505619) for windows-amd64 JRE (11.0.15+0-b2043.56-9505619), built on Jan 19 2023 02:48:00 by "builduser" with unknown MS VC++:1929

END.
